{"C:\\Users\\CC-Student\\projekt-west-calvin\\src\\components\\LicenceBox.tsx": {"path":"C:\\Users\\CC-Student\\projekt-west-calvin\\src\\components\\LicenceBox.tsx","all":false,"statementMap":{"1":{"start":{"line":2,"column":0},"end":{"line":2,"column":26}},"12":{"start":{"line":13,"column":0},"end":{"line":13,"column":48}},"13":{"start":{"line":14,"column":0},"end":{"line":14,"column":8}},"14":{"start":{"line":15,"column":0},"end":{"line":15,"column":14}},"15":{"start":{"line":16,"column":0},"end":{"line":16,"column":18}},"16":{"start":{"line":17,"column":0},"end":{"line":17,"column":13}},"17":{"start":{"line":18,"column":0},"end":{"line":18,"column":11}},"18":{"start":{"line":19,"column":0},"end":{"line":19,"column":11}},"19":{"start":{"line":20,"column":0},"end":{"line":20,"column":7}},"20":{"start":{"line":21,"column":0},"end":{"line":21,"column":10}},"21":{"start":{"line":22,"column":0},"end":{"line":22,"column":8}},"22":{"start":{"line":23,"column":0},"end":{"line":23,"column":61}},"23":{"start":{"line":24,"column":0},"end":{"line":24,"column":24}},"25":{"start":{"line":26,"column":0},"end":{"line":26,"column":60}},"26":{"start":{"line":27,"column":0},"end":{"line":27,"column":36}},"27":{"start":{"line":28,"column":0},"end":{"line":28,"column":46}},"28":{"start":{"line":29,"column":0},"end":{"line":29,"column":12}},"29":{"start":{"line":30,"column":0},"end":{"line":30,"column":39}},"30":{"start":{"line":31,"column":0},"end":{"line":31,"column":11}},"31":{"start":{"line":32,"column":0},"end":{"line":32,"column":55}},"32":{"start":{"line":33,"column":0},"end":{"line":33,"column":12}},"33":{"start":{"line":34,"column":0},"end":{"line":34,"column":11}},"34":{"start":{"line":35,"column":0},"end":{"line":35,"column":71}},"35":{"start":{"line":36,"column":0},"end":{"line":36,"column":12}},"36":{"start":{"line":37,"column":0},"end":{"line":37,"column":24}},"37":{"start":{"line":38,"column":0},"end":{"line":38,"column":32}},"38":{"start":{"line":39,"column":0},"end":{"line":39,"column":54}},"39":{"start":{"line":40,"column":0},"end":{"line":40,"column":14}},"41":{"start":{"line":42,"column":0},"end":{"line":42,"column":12}},"42":{"start":{"line":43,"column":0},"end":{"line":43,"column":10}},"44":{"start":{"line":45,"column":0},"end":{"line":45,"column":2}},"46":{"start":{"line":47,"column":0},"end":{"line":47,"column":26}}},"s":{"1":1,"12":1,"13":11,"14":11,"15":11,"16":11,"17":11,"18":11,"19":11,"20":11,"21":11,"22":11,"23":11,"25":11,"26":11,"27":11,"28":11,"29":11,"30":11,"31":11,"32":11,"33":11,"34":11,"35":11,"36":11,"37":10,"38":10,"39":10,"41":11,"42":11,"44":11,"46":1},"branchMap":{"0":{"type":"branch","line":13,"loc":{"start":{"line":13,"column":46},"end":{"line":45,"column":2}},"locations":[{"start":{"line":13,"column":46},"end":{"line":45,"column":2}}]},"1":{"type":"branch","line":23,"loc":{"start":{"line":23,"column":32},"end":{"line":23,"column":56}},"locations":[{"start":{"line":23,"column":32},"end":{"line":23,"column":56}}]},"2":{"type":"branch","line":23,"loc":{"start":{"line":23,"column":43},"end":{"line":23,"column":58}},"locations":[{"start":{"line":23,"column":43},"end":{"line":23,"column":58}}]},"3":{"type":"branch","line":26,"loc":{"start":{"line":26,"column":33},"end":{"line":26,"column":50}},"locations":[{"start":{"line":26,"column":33},"end":{"line":26,"column":50}}]},"4":{"type":"branch","line":26,"loc":{"start":{"line":26,"column":44},"end":{"line":26,"column":54}},"locations":[{"start":{"line":26,"column":44},"end":{"line":26,"column":54}}]},"5":{"type":"branch","line":37,"loc":{"start":{"line":37,"column":9},"end":{"line":40,"column":14}},"locations":[{"start":{"line":37,"column":9},"end":{"line":40,"column":14}}]}},"b":{"0":[11],"1":[2],"2":[9],"3":[2],"4":[9],"5":[10]},"fnMap":{"0":{"name":"LicenceBox","decl":{"start":{"line":13,"column":46},"end":{"line":45,"column":2}},"loc":{"start":{"line":13,"column":46},"end":{"line":45,"column":2}},"line":13}},"f":{"0":11}}
,"C:\\Users\\CC-Student\\projekt-west-calvin\\src\\components\\LicenceView.tsx": {"path":"C:\\Users\\CC-Student\\projekt-west-calvin\\src\\components\\LicenceView.tsx","all":false,"statementMap":{"0":{"start":{"line":1,"column":0},"end":{"line":1,"column":44}},"1":{"start":{"line":2,"column":0},"end":{"line":2,"column":38}},"2":{"start":{"line":3,"column":0},"end":{"line":3,"column":64}},"3":{"start":{"line":4,"column":0},"end":{"line":4,"column":60}},"4":{"start":{"line":5,"column":0},"end":{"line":5,"column":42}},"5":{"start":{"line":6,"column":0},"end":{"line":6,"column":45}},"6":{"start":{"line":7,"column":0},"end":{"line":7,"column":71}},"7":{"start":{"line":8,"column":0},"end":{"line":8,"column":67}},"9":{"start":{"line":10,"column":0},"end":{"line":10,"column":37}},"10":{"start":{"line":11,"column":0},"end":{"line":11,"column":73}},"11":{"start":{"line":12,"column":0},"end":{"line":12,"column":72}},"12":{"start":{"line":13,"column":0},"end":{"line":13,"column":68}},"13":{"start":{"line":14,"column":0},"end":{"line":14,"column":31}},"15":{"start":{"line":16,"column":0},"end":{"line":16,"column":43}},"23":{"start":{"line":24,"column":0},"end":{"line":24,"column":8}},"26":{"start":{"line":27,"column":0},"end":{"line":27,"column":52}},"27":{"start":{"line":28,"column":0},"end":{"line":28,"column":12}},"28":{"start":{"line":29,"column":0},"end":{"line":29,"column":13}},"29":{"start":{"line":30,"column":0},"end":{"line":30,"column":21}},"30":{"start":{"line":31,"column":0},"end":{"line":31,"column":4}},"32":{"start":{"line":33,"column":0},"end":{"line":33,"column":19}},"33":{"start":{"line":34,"column":0},"end":{"line":34,"column":35}},"34":{"start":{"line":35,"column":0},"end":{"line":35,"column":11}},"35":{"start":{"line":36,"column":0},"end":{"line":36,"column":93}},"36":{"start":{"line":37,"column":0},"end":{"line":37,"column":26}},"37":{"start":{"line":38,"column":0},"end":{"line":38,"column":23}},"38":{"start":{"line":39,"column":0},"end":{"line":39,"column":64}},"39":{"start":{"line":40,"column":0},"end":{"line":40,"column":7}},"40":{"start":{"line":41,"column":0},"end":{"line":41,"column":5}},"41":{"start":{"line":42,"column":0},"end":{"line":42,"column":19}},"42":{"start":{"line":43,"column":0},"end":{"line":43,"column":13}},"44":{"start":{"line":45,"column":0},"end":{"line":45,"column":46}},"45":{"start":{"line":46,"column":0},"end":{"line":46,"column":33}},"46":{"start":{"line":47,"column":0},"end":{"line":47,"column":26}},"47":{"start":{"line":48,"column":0},"end":{"line":48,"column":43}},"48":{"start":{"line":49,"column":0},"end":{"line":49,"column":26}},"49":{"start":{"line":50,"column":0},"end":{"line":50,"column":6}},"50":{"start":{"line":51,"column":0},"end":{"line":51,"column":4}},"52":{"start":{"line":53,"column":0},"end":{"line":53,"column":47}},"53":{"start":{"line":54,"column":0},"end":{"line":54,"column":9}},"54":{"start":{"line":55,"column":0},"end":{"line":55,"column":63}},"55":{"start":{"line":56,"column":0},"end":{"line":56,"column":61}},"56":{"start":{"line":57,"column":0},"end":{"line":57,"column":27}},"57":{"start":{"line":58,"column":0},"end":{"line":58,"column":75}},"58":{"start":{"line":59,"column":0},"end":{"line":59,"column":8}},"59":{"start":{"line":60,"column":0},"end":{"line":60,"column":54}},"60":{"start":{"line":61,"column":0},"end":{"line":61,"column":21}},"61":{"start":{"line":62,"column":0},"end":{"line":62,"column":65}},"62":{"start":{"line":63,"column":0},"end":{"line":63,"column":5}},"63":{"start":{"line":64,"column":0},"end":{"line":64,"column":4}},"66":{"start":{"line":67,"column":0},"end":{"line":67,"column":36}},"67":{"start":{"line":68,"column":0},"end":{"line":68,"column":19}},"68":{"start":{"line":69,"column":0},"end":{"line":69,"column":68}},"69":{"start":{"line":70,"column":0},"end":{"line":70,"column":35}},"70":{"start":{"line":71,"column":0},"end":{"line":71,"column":55}},"71":{"start":{"line":72,"column":0},"end":{"line":72,"column":67}},"72":{"start":{"line":73,"column":0},"end":{"line":73,"column":12}},"73":{"start":{"line":74,"column":0},"end":{"line":74,"column":4}},"75":{"start":{"line":76,"column":0},"end":{"line":76,"column":10}},"76":{"start":{"line":77,"column":0},"end":{"line":77,"column":34}},"77":{"start":{"line":78,"column":0},"end":{"line":78,"column":37}},"78":{"start":{"line":79,"column":0},"end":{"line":79,"column":73}},"79":{"start":{"line":80,"column":0},"end":{"line":80,"column":15}},"81":{"start":{"line":82,"column":0},"end":{"line":82,"column":31}},"83":{"start":{"line":84,"column":0},"end":{"line":84,"column":43}},"84":{"start":{"line":85,"column":0},"end":{"line":85,"column":38}},"85":{"start":{"line":86,"column":0},"end":{"line":86,"column":23}},"86":{"start":{"line":87,"column":0},"end":{"line":87,"column":33}},"87":{"start":{"line":88,"column":0},"end":{"line":88,"column":35}},"88":{"start":{"line":89,"column":0},"end":{"line":89,"column":47}},"89":{"start":{"line":90,"column":0},"end":{"line":90,"column":55}},"90":{"start":{"line":91,"column":0},"end":{"line":91,"column":45}},"91":{"start":{"line":92,"column":0},"end":{"line":92,"column":65}},"92":{"start":{"line":93,"column":0},"end":{"line":93,"column":61}},"93":{"start":{"line":94,"column":0},"end":{"line":94,"column":14}},"94":{"start":{"line":95,"column":0},"end":{"line":95,"column":13}},"95":{"start":{"line":96,"column":0},"end":{"line":96,"column":14}},"98":{"start":{"line":99,"column":0},"end":{"line":99,"column":33}},"99":{"start":{"line":100,"column":0},"end":{"line":100,"column":17}},"100":{"start":{"line":101,"column":0},"end":{"line":101,"column":43}},"101":{"start":{"line":102,"column":0},"end":{"line":102,"column":27}},"102":{"start":{"line":103,"column":0},"end":{"line":103,"column":53}},"103":{"start":{"line":104,"column":0},"end":{"line":104,"column":11}},"105":{"start":{"line":106,"column":0},"end":{"line":106,"column":19}},"107":{"start":{"line":108,"column":0},"end":{"line":108,"column":17}},"108":{"start":{"line":109,"column":0},"end":{"line":109,"column":45}},"109":{"start":{"line":110,"column":0},"end":{"line":110,"column":27}},"110":{"start":{"line":111,"column":0},"end":{"line":111,"column":55}},"111":{"start":{"line":112,"column":0},"end":{"line":112,"column":11}},"113":{"start":{"line":114,"column":0},"end":{"line":114,"column":19}},"115":{"start":{"line":116,"column":0},"end":{"line":116,"column":45}},"116":{"start":{"line":117,"column":0},"end":{"line":117,"column":16}},"117":{"start":{"line":118,"column":0},"end":{"line":118,"column":84}},"119":{"start":{"line":120,"column":0},"end":{"line":120,"column":17}},"120":{"start":{"line":121,"column":0},"end":{"line":121,"column":51}},"121":{"start":{"line":122,"column":0},"end":{"line":122,"column":16}},"122":{"start":{"line":123,"column":0},"end":{"line":123,"column":14}},"123":{"start":{"line":124,"column":0},"end":{"line":124,"column":12}},"125":{"start":{"line":126,"column":0},"end":{"line":126,"column":23}},"126":{"start":{"line":127,"column":0},"end":{"line":127,"column":37}},"127":{"start":{"line":128,"column":0},"end":{"line":128,"column":52}},"128":{"start":{"line":129,"column":0},"end":{"line":129,"column":8}},"130":{"start":{"line":131,"column":0},"end":{"line":131,"column":21}},"131":{"start":{"line":132,"column":0},"end":{"line":132,"column":35}},"132":{"start":{"line":133,"column":0},"end":{"line":133,"column":50}},"133":{"start":{"line":134,"column":0},"end":{"line":134,"column":8}},"134":{"start":{"line":135,"column":0},"end":{"line":135,"column":10}},"136":{"start":{"line":137,"column":0},"end":{"line":137,"column":2}},"138":{"start":{"line":139,"column":0},"end":{"line":139,"column":27}}},"s":{"0":1,"1":1,"2":1,"3":1,"4":1,"5":1,"6":1,"7":1,"9":1,"10":5,"11":5,"12":5,"13":5,"15":5,"23":5,"26":5,"27":5,"28":5,"29":5,"30":5,"32":5,"33":2,"34":2,"35":2,"36":2,"37":2,"38":0,"39":0,"40":2,"41":2,"42":5,"44":5,"45":1,"46":1,"47":0,"48":1,"49":1,"50":1,"52":5,"53":0,"54":0,"55":0,"56":0,"57":0,"58":0,"59":0,"60":0,"61":0,"62":0,"63":0,"66":5,"67":5,"68":5,"69":5,"70":1,"71":1,"72":5,"73":5,"75":5,"76":5,"77":5,"78":5,"79":5,"81":5,"83":5,"84":5,"85":6,"86":6,"87":6,"88":6,"89":6,"90":6,"91":6,"92":6,"93":6,"94":5,"95":5,"98":5,"99":5,"100":5,"101":5,"102":5,"103":5,"105":5,"107":5,"108":5,"109":5,"110":5,"111":5,"113":5,"115":5,"116":5,"117":5,"119":5,"120":5,"121":5,"122":5,"123":5,"125":5,"126":5,"127":5,"128":5,"130":5,"131":5,"132":5,"133":5,"134":5,"136":5,"138":1},"branchMap":{"0":{"type":"branch","line":10,"loc":{"start":{"line":10,"column":30},"end":{"line":137,"column":2}},"locations":[{"start":{"line":10,"column":30},"end":{"line":137,"column":2}}]},"1":{"type":"branch","line":33,"loc":{"start":{"line":33,"column":12},"end":{"line":43,"column":5}},"locations":[{"start":{"line":33,"column":12},"end":{"line":43,"column":5}}]},"2":{"type":"branch","line":34,"loc":{"start":{"line":34,"column":4},"end":{"line":41,"column":5}},"locations":[{"start":{"line":34,"column":4},"end":{"line":41,"column":5}}]},"3":{"type":"branch","line":38,"loc":{"start":{"line":38,"column":6},"end":{"line":40,"column":7}},"locations":[{"start":{"line":38,"column":6},"end":{"line":40,"column":7}}]},"4":{"type":"branch","line":45,"loc":{"start":{"line":45,"column":26},"end":{"line":51,"column":4}},"locations":[{"start":{"line":45,"column":26},"end":{"line":51,"column":4}}]},"5":{"type":"branch","line":46,"loc":{"start":{"line":46,"column":24},"end":{"line":49,"column":26}},"locations":[{"start":{"line":46,"column":24},"end":{"line":49,"column":26}}]},"6":{"type":"branch","line":47,"loc":{"start":{"line":47,"column":25},"end":{"line":48,"column":43}},"locations":[{"start":{"line":47,"column":25},"end":{"line":48,"column":43}}]},"7":{"type":"branch","line":67,"loc":{"start":{"line":67,"column":29},"end":{"line":74,"column":4}},"locations":[{"start":{"line":67,"column":29},"end":{"line":74,"column":4}}]},"8":{"type":"branch","line":69,"loc":{"start":{"line":69,"column":14},"end":{"line":69,"column":67}},"locations":[{"start":{"line":69,"column":14},"end":{"line":69,"column":67}}]},"9":{"type":"branch","line":70,"loc":{"start":{"line":70,"column":14},"end":{"line":73,"column":9}},"locations":[{"start":{"line":70,"column":14},"end":{"line":73,"column":9}}]},"10":{"type":"branch","line":71,"loc":{"start":{"line":71,"column":48},"end":{"line":71,"column":55}},"locations":[{"start":{"line":71,"column":48},"end":{"line":71,"column":55}}]},"11":{"type":"branch","line":85,"loc":{"start":{"line":85,"column":24},"end":{"line":94,"column":14}},"locations":[{"start":{"line":85,"column":24},"end":{"line":94,"column":14}}]},"12":{"type":"branch","line":93,"loc":{"start":{"line":93,"column":24},"end":{"line":93,"column":61}},"locations":[{"start":{"line":93,"column":24},"end":{"line":93,"column":61}}]}},"b":{"0":[5],"1":[2],"2":[2],"3":[0],"4":[1],"5":[1],"6":[0],"7":[5],"8":[6],"9":[1],"10":[0],"11":[6],"12":[1]},"fnMap":{"0":{"name":"LicenceView","decl":{"start":{"line":10,"column":30},"end":{"line":137,"column":2}},"loc":{"start":{"line":10,"column":30},"end":{"line":137,"column":2}},"line":10},"1":{"name":"loadLicenses","decl":{"start":{"line":34,"column":4},"end":{"line":41,"column":5}},"loc":{"start":{"line":34,"column":4},"end":{"line":41,"column":5}},"line":34},"2":{"name":"toggleSelection","decl":{"start":{"line":45,"column":26},"end":{"line":51,"column":4}},"loc":{"start":{"line":45,"column":26},"end":{"line":51,"column":4}},"line":45},"3":{"name":"handleTerminateLicenses","decl":{"start":{"line":53,"column":34},"end":{"line":64,"column":4}},"loc":{"start":{"line":53,"column":34},"end":{"line":64,"column":4}},"line":53},"4":{"name":"calculateTotalCost","decl":{"start":{"line":67,"column":29},"end":{"line":74,"column":4}},"loc":{"start":{"line":67,"column":29},"end":{"line":74,"column":4}},"line":67},"5":{"name":"onSelect","decl":{"start":{"line":93,"column":24},"end":{"line":93,"column":61}},"loc":{"start":{"line":93,"column":24},"end":{"line":93,"column":61}},"line":93},"6":{"name":"onClick","decl":{"start":{"line":103,"column":21},"end":{"line":103,"column":53}},"loc":{"start":{"line":103,"column":21},"end":{"line":103,"column":53}},"line":103},"7":{"name":"onClick","decl":{"start":{"line":111,"column":21},"end":{"line":111,"column":55}},"loc":{"start":{"line":111,"column":21},"end":{"line":111,"column":55}},"line":111},"8":{"name":"onClose","decl":{"start":{"line":128,"column":17},"end":{"line":128,"column":52}},"loc":{"start":{"line":128,"column":17},"end":{"line":128,"column":52}},"line":128},"9":{"name":"onClose","decl":{"start":{"line":133,"column":17},"end":{"line":133,"column":50}},"loc":{"start":{"line":133,"column":17},"end":{"line":133,"column":50}},"line":133}},"f":{"0":5,"1":2,"2":1,"3":0,"4":5,"5":1,"6":0,"7":0,"8":0,"9":0}}
,"C:\\Users\\CC-Student\\projekt-west-calvin\\src\\components\\Overview.tsx": {"path":"C:\\Users\\CC-Student\\projekt-west-calvin\\src\\components\\Overview.tsx","all":false,"statementMap":{"0":{"start":{"line":1,"column":0},"end":{"line":1,"column":44}},"1":{"start":{"line":2,"column":0},"end":{"line":2,"column":47}},"2":{"start":{"line":3,"column":0},"end":{"line":3,"column":51}},"3":{"start":{"line":4,"column":0},"end":{"line":4,"column":24}},"5":{"start":{"line":6,"column":0},"end":{"line":6,"column":34}},"6":{"start":{"line":7,"column":0},"end":{"line":7,"column":33}},"7":{"start":{"line":8,"column":0},"end":{"line":8,"column":80}},"8":{"start":{"line":9,"column":0},"end":{"line":9,"column":5}},"9":{"start":{"line":10,"column":0},"end":{"line":10,"column":14}},"10":{"start":{"line":11,"column":0},"end":{"line":11,"column":14}},"11":{"start":{"line":12,"column":0},"end":{"line":12,"column":22}},"12":{"start":{"line":13,"column":0},"end":{"line":13,"column":5}},"13":{"start":{"line":14,"column":0},"end":{"line":14,"column":4}},"15":{"start":{"line":16,"column":0},"end":{"line":16,"column":19}},"16":{"start":{"line":17,"column":0},"end":{"line":17,"column":40}},"17":{"start":{"line":18,"column":0},"end":{"line":18,"column":11}},"18":{"start":{"line":19,"column":0},"end":{"line":19,"column":48}},"19":{"start":{"line":20,"column":0},"end":{"line":20,"column":31}},"20":{"start":{"line":21,"column":0},"end":{"line":21,"column":23}},"21":{"start":{"line":22,"column":0},"end":{"line":22,"column":70}},"22":{"start":{"line":23,"column":0},"end":{"line":23,"column":7}},"23":{"start":{"line":24,"column":0},"end":{"line":24,"column":5}},"24":{"start":{"line":25,"column":0},"end":{"line":25,"column":24}},"25":{"start":{"line":26,"column":0},"end":{"line":26,"column":9}},"27":{"start":{"line":28,"column":0},"end":{"line":28,"column":10}},"28":{"start":{"line":29,"column":0},"end":{"line":29,"column":40}},"29":{"start":{"line":30,"column":0},"end":{"line":30,"column":41}},"30":{"start":{"line":31,"column":0},"end":{"line":31,"column":33}},"31":{"start":{"line":32,"column":0},"end":{"line":32,"column":15}},"32":{"start":{"line":33,"column":0},"end":{"line":33,"column":36}},"33":{"start":{"line":34,"column":0},"end":{"line":34,"column":12}},"34":{"start":{"line":35,"column":0},"end":{"line":35,"column":34}},"35":{"start":{"line":36,"column":0},"end":{"line":36,"column":56}},"37":{"start":{"line":38,"column":0},"end":{"line":38,"column":29}},"38":{"start":{"line":39,"column":0},"end":{"line":39,"column":43}},"39":{"start":{"line":40,"column":0},"end":{"line":40,"column":41}},"40":{"start":{"line":41,"column":0},"end":{"line":41,"column":70}},"41":{"start":{"line":42,"column":0},"end":{"line":42,"column":16}},"42":{"start":{"line":43,"column":0},"end":{"line":43,"column":43}},"43":{"start":{"line":44,"column":0},"end":{"line":44,"column":40}},"44":{"start":{"line":45,"column":0},"end":{"line":45,"column":32}},"45":{"start":{"line":46,"column":0},"end":{"line":46,"column":18}},"46":{"start":{"line":47,"column":0},"end":{"line":47,"column":46}},"47":{"start":{"line":48,"column":0},"end":{"line":48,"column":44}},"48":{"start":{"line":49,"column":0},"end":{"line":49,"column":19}},"49":{"start":{"line":50,"column":0},"end":{"line":50,"column":18}},"50":{"start":{"line":51,"column":0},"end":{"line":51,"column":43}},"51":{"start":{"line":52,"column":0},"end":{"line":52,"column":33}},"52":{"start":{"line":53,"column":0},"end":{"line":53,"column":18}},"53":{"start":{"line":54,"column":0},"end":{"line":54,"column":47}},"54":{"start":{"line":55,"column":0},"end":{"line":55,"column":39}},"55":{"start":{"line":56,"column":0},"end":{"line":56,"column":34}},"56":{"start":{"line":57,"column":0},"end":{"line":57,"column":19}},"57":{"start":{"line":58,"column":0},"end":{"line":58,"column":18}},"58":{"start":{"line":59,"column":0},"end":{"line":59,"column":43}},"59":{"start":{"line":60,"column":0},"end":{"line":60,"column":46}},"60":{"start":{"line":61,"column":0},"end":{"line":61,"column":16}},"61":{"start":{"line":62,"column":0},"end":{"line":62,"column":14}},"63":{"start":{"line":64,"column":0},"end":{"line":64,"column":12}},"64":{"start":{"line":65,"column":0},"end":{"line":65,"column":34}},"65":{"start":{"line":66,"column":0},"end":{"line":66,"column":56}},"67":{"start":{"line":68,"column":0},"end":{"line":68,"column":31}},"68":{"start":{"line":69,"column":0},"end":{"line":69,"column":43}},"69":{"start":{"line":70,"column":0},"end":{"line":70,"column":41}},"70":{"start":{"line":71,"column":0},"end":{"line":71,"column":70}},"71":{"start":{"line":72,"column":0},"end":{"line":72,"column":16}},"72":{"start":{"line":73,"column":0},"end":{"line":73,"column":43}},"73":{"start":{"line":74,"column":0},"end":{"line":74,"column":40}},"74":{"start":{"line":75,"column":0},"end":{"line":75,"column":32}},"75":{"start":{"line":76,"column":0},"end":{"line":76,"column":18}},"76":{"start":{"line":77,"column":0},"end":{"line":77,"column":42}},"77":{"start":{"line":78,"column":0},"end":{"line":78,"column":40}},"78":{"start":{"line":79,"column":0},"end":{"line":79,"column":40}},"79":{"start":{"line":80,"column":0},"end":{"line":80,"column":19}},"80":{"start":{"line":81,"column":0},"end":{"line":81,"column":18}},"81":{"start":{"line":82,"column":0},"end":{"line":82,"column":43}},"82":{"start":{"line":83,"column":0},"end":{"line":83,"column":33}},"83":{"start":{"line":84,"column":0},"end":{"line":84,"column":18}},"84":{"start":{"line":85,"column":0},"end":{"line":85,"column":50}},"85":{"start":{"line":86,"column":0},"end":{"line":86,"column":51}},"86":{"start":{"line":87,"column":0},"end":{"line":87,"column":19}},"87":{"start":{"line":88,"column":0},"end":{"line":88,"column":18}},"88":{"start":{"line":89,"column":0},"end":{"line":89,"column":43}},"89":{"start":{"line":90,"column":0},"end":{"line":90,"column":49}},"90":{"start":{"line":91,"column":0},"end":{"line":91,"column":16}},"91":{"start":{"line":92,"column":0},"end":{"line":92,"column":14}},"93":{"start":{"line":94,"column":0},"end":{"line":94,"column":12}},"94":{"start":{"line":95,"column":0},"end":{"line":95,"column":34}},"95":{"start":{"line":96,"column":0},"end":{"line":96,"column":64}},"97":{"start":{"line":98,"column":0},"end":{"line":98,"column":39}},"98":{"start":{"line":99,"column":0},"end":{"line":99,"column":43}},"99":{"start":{"line":100,"column":0},"end":{"line":100,"column":41}},"100":{"start":{"line":101,"column":0},"end":{"line":101,"column":78}},"101":{"start":{"line":102,"column":0},"end":{"line":102,"column":16}},"102":{"start":{"line":103,"column":0},"end":{"line":103,"column":43}},"103":{"start":{"line":104,"column":0},"end":{"line":104,"column":40}},"104":{"start":{"line":105,"column":0},"end":{"line":105,"column":32}},"105":{"start":{"line":106,"column":0},"end":{"line":106,"column":18}},"106":{"start":{"line":107,"column":0},"end":{"line":107,"column":42}},"107":{"start":{"line":108,"column":0},"end":{"line":108,"column":42}},"108":{"start":{"line":109,"column":0},"end":{"line":109,"column":40}},"109":{"start":{"line":110,"column":0},"end":{"line":110,"column":41}},"110":{"start":{"line":111,"column":0},"end":{"line":111,"column":53}},"111":{"start":{"line":112,"column":0},"end":{"line":112,"column":47}},"112":{"start":{"line":113,"column":0},"end":{"line":113,"column":19}},"113":{"start":{"line":114,"column":0},"end":{"line":114,"column":18}},"114":{"start":{"line":115,"column":0},"end":{"line":115,"column":43}},"115":{"start":{"line":116,"column":0},"end":{"line":116,"column":23}},"116":{"start":{"line":117,"column":0},"end":{"line":117,"column":18}},"118":{"start":{"line":119,"column":0},"end":{"line":119,"column":19}},"119":{"start":{"line":120,"column":0},"end":{"line":120,"column":18}},"120":{"start":{"line":121,"column":0},"end":{"line":121,"column":43}},"121":{"start":{"line":122,"column":0},"end":{"line":122,"column":49}},"122":{"start":{"line":123,"column":0},"end":{"line":123,"column":16}},"123":{"start":{"line":124,"column":0},"end":{"line":124,"column":14}},"124":{"start":{"line":125,"column":0},"end":{"line":125,"column":12}},"125":{"start":{"line":126,"column":0},"end":{"line":126,"column":10}},"127":{"start":{"line":128,"column":0},"end":{"line":128,"column":2}},"129":{"start":{"line":130,"column":0},"end":{"line":130,"column":24}}},"s":{"0":1,"1":1,"2":1,"3":1,"5":1,"6":6,"7":6,"8":6,"9":6,"10":6,"11":6,"12":6,"13":6,"15":6,"16":3,"17":3,"18":3,"19":3,"20":3,"21":0,"22":0,"23":3,"24":3,"25":6,"27":6,"28":6,"29":6,"30":6,"31":6,"32":6,"33":6,"34":6,"35":6,"37":6,"38":6,"39":6,"40":6,"41":6,"42":6,"43":6,"44":6,"45":6,"46":6,"47":6,"48":6,"49":6,"50":6,"51":6,"52":6,"53":6,"54":6,"55":6,"56":6,"57":6,"58":6,"59":6,"60":6,"61":6,"63":6,"64":6,"65":6,"67":6,"68":6,"69":6,"70":6,"71":6,"72":6,"73":6,"74":6,"75":6,"76":6,"77":6,"78":6,"79":6,"80":6,"81":6,"82":6,"83":6,"84":6,"85":6,"86":6,"87":6,"88":6,"89":6,"90":6,"91":6,"93":6,"94":6,"95":6,"97":6,"98":6,"99":6,"100":6,"101":6,"102":6,"103":6,"104":6,"105":6,"106":6,"107":6,"108":6,"109":6,"110":6,"111":6,"112":6,"113":6,"114":6,"115":6,"116":6,"118":6,"119":6,"120":6,"121":6,"122":6,"123":6,"124":6,"125":6,"127":6,"129":1},"branchMap":{"0":{"type":"branch","line":6,"loc":{"start":{"line":6,"column":27},"end":{"line":128,"column":2}},"locations":[{"start":{"line":6,"column":27},"end":{"line":128,"column":2}}]},"1":{"type":"branch","line":16,"loc":{"start":{"line":16,"column":12},"end":{"line":26,"column":5}},"locations":[{"start":{"line":16,"column":12},"end":{"line":26,"column":5}}]},"2":{"type":"branch","line":17,"loc":{"start":{"line":17,"column":4},"end":{"line":24,"column":5}},"locations":[{"start":{"line":17,"column":4},"end":{"line":24,"column":5}}]},"3":{"type":"branch","line":21,"loc":{"start":{"line":21,"column":6},"end":{"line":23,"column":7}},"locations":[{"start":{"line":21,"column":6},"end":{"line":23,"column":7}}]},"4":{"type":"branch","line":36,"loc":{"start":{"line":36,"column":19},"end":{"line":36,"column":56}},"locations":[{"start":{"line":36,"column":19},"end":{"line":36,"column":56}}]},"5":{"type":"branch","line":66,"loc":{"start":{"line":66,"column":19},"end":{"line":66,"column":56}},"locations":[{"start":{"line":66,"column":19},"end":{"line":66,"column":56}}]},"6":{"type":"branch","line":96,"loc":{"start":{"line":96,"column":19},"end":{"line":96,"column":64}},"locations":[{"start":{"line":96,"column":19},"end":{"line":96,"column":64}}]}},"b":{"0":[6],"1":[3],"2":[3],"3":[0],"4":[1],"5":[1],"6":[1]},"fnMap":{"0":{"name":"Overview","decl":{"start":{"line":6,"column":27},"end":{"line":128,"column":2}},"loc":{"start":{"line":6,"column":27},"end":{"line":128,"column":2}},"line":6},"1":{"name":"loadLicenseCounts","decl":{"start":{"line":17,"column":4},"end":{"line":24,"column":5}},"loc":{"start":{"line":17,"column":4},"end":{"line":24,"column":5}},"line":17},"2":{"name":"onClick","decl":{"start":{"line":36,"column":19},"end":{"line":36,"column":56}},"loc":{"start":{"line":36,"column":19},"end":{"line":36,"column":56}},"line":36},"3":{"name":"onClick","decl":{"start":{"line":66,"column":19},"end":{"line":66,"column":56}},"loc":{"start":{"line":66,"column":19},"end":{"line":66,"column":56}},"line":66},"4":{"name":"onClick","decl":{"start":{"line":96,"column":19},"end":{"line":96,"column":64}},"loc":{"start":{"line":96,"column":19},"end":{"line":96,"column":64}},"line":96}},"f":{"0":6,"1":3,"2":1,"3":1,"4":1}}
,"C:\\Users\\CC-Student\\projekt-west-calvin\\src\\components\\apiServices.ts": {"path":"C:\\Users\\CC-Student\\projekt-west-calvin\\src\\components\\apiServices.ts","all":false,"statementMap":{"0":{"start":{"line":1,"column":0},"end":{"line":1,"column":85}},"3":{"start":{"line":4,"column":0},"end":{"line":4,"column":44}},"4":{"start":{"line":5,"column":0},"end":{"line":5,"column":7}},"5":{"start":{"line":6,"column":0},"end":{"line":6,"column":68}},"6":{"start":{"line":7,"column":0},"end":{"line":7,"column":23}},"7":{"start":{"line":8,"column":0},"end":{"line":8,"column":22}},"8":{"start":{"line":9,"column":0},"end":{"line":9,"column":72}},"9":{"start":{"line":10,"column":0},"end":{"line":10,"column":8}},"10":{"start":{"line":11,"column":0},"end":{"line":11,"column":5}},"11":{"start":{"line":12,"column":0},"end":{"line":12,"column":33}},"12":{"start":{"line":13,"column":0},"end":{"line":13,"column":19}},"13":{"start":{"line":14,"column":0},"end":{"line":14,"column":66}},"14":{"start":{"line":15,"column":0},"end":{"line":15,"column":66}},"15":{"start":{"line":16,"column":0},"end":{"line":16,"column":3}},"16":{"start":{"line":17,"column":0},"end":{"line":17,"column":1}},"19":{"start":{"line":20,"column":0},"end":{"line":20,"column":57}},"20":{"start":{"line":21,"column":0},"end":{"line":21,"column":7}},"21":{"start":{"line":22,"column":0},"end":{"line":22,"column":74}},"22":{"start":{"line":23,"column":0},"end":{"line":23,"column":23}},"23":{"start":{"line":24,"column":0},"end":{"line":24,"column":22}},"24":{"start":{"line":25,"column":0},"end":{"line":25,"column":66}},"25":{"start":{"line":26,"column":0},"end":{"line":26,"column":8}},"26":{"start":{"line":27,"column":0},"end":{"line":27,"column":5}},"27":{"start":{"line":28,"column":0},"end":{"line":28,"column":33}},"28":{"start":{"line":29,"column":0},"end":{"line":29,"column":19}},"29":{"start":{"line":30,"column":0},"end":{"line":30,"column":60}},"30":{"start":{"line":31,"column":0},"end":{"line":31,"column":14}},"31":{"start":{"line":32,"column":0},"end":{"line":32,"column":3}},"32":{"start":{"line":33,"column":0},"end":{"line":33,"column":1}},"35":{"start":{"line":36,"column":0},"end":{"line":36,"column":65}},"36":{"start":{"line":37,"column":0},"end":{"line":37,"column":7}},"37":{"start":{"line":38,"column":0},"end":{"line":38,"column":67}},"38":{"start":{"line":39,"column":0},"end":{"line":39,"column":21}},"39":{"start":{"line":40,"column":0},"end":{"line":40,"column":16}},"40":{"start":{"line":41,"column":0},"end":{"line":41,"column":43}},"41":{"start":{"line":42,"column":0},"end":{"line":42,"column":8}},"42":{"start":{"line":43,"column":0},"end":{"line":43,"column":44}},"43":{"start":{"line":44,"column":0},"end":{"line":44,"column":7}},"45":{"start":{"line":46,"column":0},"end":{"line":46,"column":23}},"46":{"start":{"line":47,"column":0},"end":{"line":47,"column":22}},"47":{"start":{"line":48,"column":0},"end":{"line":48,"column":65}},"48":{"start":{"line":49,"column":0},"end":{"line":49,"column":8}},"49":{"start":{"line":50,"column":0},"end":{"line":50,"column":5}},"51":{"start":{"line":52,"column":0},"end":{"line":52,"column":33}},"52":{"start":{"line":53,"column":0},"end":{"line":53,"column":19}},"53":{"start":{"line":54,"column":0},"end":{"line":54,"column":61}},"54":{"start":{"line":55,"column":0},"end":{"line":55,"column":16}},"55":{"start":{"line":56,"column":0},"end":{"line":56,"column":3}},"56":{"start":{"line":57,"column":0},"end":{"line":57,"column":1}},"59":{"start":{"line":60,"column":0},"end":{"line":60,"column":57}},"60":{"start":{"line":61,"column":0},"end":{"line":61,"column":7}},"61":{"start":{"line":62,"column":0},"end":{"line":62,"column":72}},"62":{"start":{"line":63,"column":0},"end":{"line":63,"column":21}},"63":{"start":{"line":64,"column":0},"end":{"line":64,"column":16}},"64":{"start":{"line":65,"column":0},"end":{"line":65,"column":43}},"65":{"start":{"line":66,"column":0},"end":{"line":66,"column":8}},"66":{"start":{"line":67,"column":0},"end":{"line":67,"column":37}},"67":{"start":{"line":68,"column":0},"end":{"line":68,"column":7}},"69":{"start":{"line":70,"column":0},"end":{"line":70,"column":23}},"70":{"start":{"line":71,"column":0},"end":{"line":71,"column":22}},"71":{"start":{"line":72,"column":0},"end":{"line":72,"column":67}},"72":{"start":{"line":73,"column":0},"end":{"line":73,"column":8}},"73":{"start":{"line":74,"column":0},"end":{"line":74,"column":5}},"75":{"start":{"line":76,"column":0},"end":{"line":76,"column":33}},"76":{"start":{"line":77,"column":0},"end":{"line":77,"column":19}},"77":{"start":{"line":78,"column":0},"end":{"line":78,"column":63}},"78":{"start":{"line":79,"column":0},"end":{"line":79,"column":16}},"79":{"start":{"line":80,"column":0},"end":{"line":80,"column":3}},"80":{"start":{"line":81,"column":0},"end":{"line":81,"column":1}}},"s":{"0":1,"3":2,"4":2,"5":2,"6":2,"7":1,"8":1,"9":1,"10":1,"11":1,"12":1,"13":1,"14":1,"15":1,"16":2,"19":2,"20":2,"21":2,"22":2,"23":1,"24":1,"25":1,"26":1,"27":1,"28":1,"29":1,"30":1,"31":1,"32":2,"35":3,"36":3,"37":3,"38":3,"39":3,"40":3,"41":3,"42":3,"43":3,"45":2,"46":1,"47":1,"48":1,"49":1,"51":1,"52":1,"53":1,"54":1,"55":1,"56":3,"59":2,"60":2,"61":2,"62":2,"63":2,"64":2,"65":2,"66":2,"67":2,"69":2,"70":1,"71":1,"72":1,"73":1,"75":1,"76":1,"77":1,"78":1,"79":1,"80":2},"branchMap":{"0":{"type":"branch","line":4,"loc":{"start":{"line":4,"column":0},"end":{"line":17,"column":1}},"locations":[{"start":{"line":4,"column":0},"end":{"line":17,"column":1}}]},"1":{"type":"branch","line":7,"loc":{"start":{"line":7,"column":22},"end":{"line":16,"column":3}},"locations":[{"start":{"line":7,"column":22},"end":{"line":16,"column":3}}]},"2":{"type":"branch","line":20,"loc":{"start":{"line":20,"column":0},"end":{"line":33,"column":1}},"locations":[{"start":{"line":20,"column":0},"end":{"line":33,"column":1}}]},"3":{"type":"branch","line":23,"loc":{"start":{"line":23,"column":22},"end":{"line":32,"column":3}},"locations":[{"start":{"line":23,"column":22},"end":{"line":32,"column":3}}]},"4":{"type":"branch","line":36,"loc":{"start":{"line":36,"column":0},"end":{"line":57,"column":1}},"locations":[{"start":{"line":36,"column":0},"end":{"line":57,"column":1}}]},"5":{"type":"branch","line":44,"loc":{"start":{"line":44,"column":5},"end":{"line":56,"column":3}},"locations":[{"start":{"line":44,"column":5},"end":{"line":56,"column":3}}]},"6":{"type":"branch","line":46,"loc":{"start":{"line":46,"column":22},"end":{"line":56,"column":3}},"locations":[{"start":{"line":46,"column":22},"end":{"line":56,"column":3}}]},"7":{"type":"branch","line":60,"loc":{"start":{"line":60,"column":0},"end":{"line":81,"column":1}},"locations":[{"start":{"line":60,"column":0},"end":{"line":81,"column":1}}]},"8":{"type":"branch","line":70,"loc":{"start":{"line":70,"column":22},"end":{"line":80,"column":3}},"locations":[{"start":{"line":70,"column":22},"end":{"line":80,"column":3}}]}},"b":{"0":[2],"1":[1],"2":[2],"3":[1],"4":[3],"5":[2],"6":[1],"7":[2],"8":[1]},"fnMap":{"0":{"name":"fetchLicenseCounts","decl":{"start":{"line":4,"column":0},"end":{"line":17,"column":1}},"loc":{"start":{"line":4,"column":0},"end":{"line":17,"column":1}},"line":4},"1":{"name":"fetchLicensesByType","decl":{"start":{"line":20,"column":0},"end":{"line":33,"column":1}},"loc":{"start":{"line":20,"column":0},"end":{"line":33,"column":1}},"line":20},"2":{"name":"bookLicenses","decl":{"start":{"line":36,"column":0},"end":{"line":57,"column":1}},"loc":{"start":{"line":36,"column":0},"end":{"line":57,"column":1}},"line":36},"3":{"name":"terminateLicenses","decl":{"start":{"line":60,"column":0},"end":{"line":81,"column":1}},"loc":{"start":{"line":60,"column":0},"end":{"line":81,"column":1}},"line":60}},"f":{"0":2,"1":2,"2":3,"3":2}}
,"C:\\Users\\CC-Student\\projekt-west-calvin\\src\\components\\modal_windows\\BookingLicence.tsx": {"path":"C:\\Users\\CC-Student\\projekt-west-calvin\\src\\components\\modal_windows\\BookingLicence.tsx","all":false,"statementMap":{"0":{"start":{"line":1,"column":0},"end":{"line":1,"column":30}},"1":{"start":{"line":2,"column":0},"end":{"line":2,"column":42}},"2":{"start":{"line":3,"column":0},"end":{"line":3,"column":33}},"3":{"start":{"line":4,"column":0},"end":{"line":4,"column":70}},"4":{"start":{"line":5,"column":0},"end":{"line":5,"column":45}},"11":{"start":{"line":12,"column":0},"end":{"line":12,"column":40}},"12":{"start":{"line":13,"column":0},"end":{"line":13,"column":9}},"13":{"start":{"line":14,"column":0},"end":{"line":14,"column":10}},"14":{"start":{"line":15,"column":0},"end":{"line":15,"column":25}},"15":{"start":{"line":16,"column":0},"end":{"line":16,"column":40}},"16":{"start":{"line":17,"column":0},"end":{"line":17,"column":52}},"17":{"start":{"line":18,"column":0},"end":{"line":18,"column":72}},"19":{"start":{"line":20,"column":0},"end":{"line":20,"column":27}},"21":{"start":{"line":22,"column":0},"end":{"line":22,"column":45}},"22":{"start":{"line":23,"column":0},"end":{"line":23,"column":61}},"23":{"start":{"line":24,"column":0},"end":{"line":24,"column":56}},"25":{"start":{"line":26,"column":0},"end":{"line":26,"column":37}},"26":{"start":{"line":27,"column":0},"end":{"line":27,"column":27}},"28":{"start":{"line":29,"column":0},"end":{"line":29,"column":9}},"29":{"start":{"line":30,"column":0},"end":{"line":30,"column":45}},"30":{"start":{"line":31,"column":0},"end":{"line":31,"column":61}},"31":{"start":{"line":32,"column":0},"end":{"line":32,"column":16}},"32":{"start":{"line":33,"column":0},"end":{"line":33,"column":21}},"33":{"start":{"line":34,"column":0},"end":{"line":34,"column":63}},"34":{"start":{"line":35,"column":0},"end":{"line":35,"column":59}},"35":{"start":{"line":36,"column":0},"end":{"line":36,"column":5}},"36":{"start":{"line":37,"column":0},"end":{"line":37,"column":4}},"38":{"start":{"line":39,"column":0},"end":{"line":39,"column":10}},"39":{"start":{"line":40,"column":0},"end":{"line":40,"column":61}},"40":{"start":{"line":41,"column":0},"end":{"line":41,"column":10}},"41":{"start":{"line":42,"column":0},"end":{"line":42,"column":43}},"42":{"start":{"line":43,"column":0},"end":{"line":43,"column":44}},"44":{"start":{"line":45,"column":0},"end":{"line":45,"column":46}},"45":{"start":{"line":46,"column":0},"end":{"line":46,"column":61}},"46":{"start":{"line":47,"column":0},"end":{"line":47,"column":69}},"48":{"start":{"line":49,"column":0},"end":{"line":49,"column":19}},"49":{"start":{"line":50,"column":0},"end":{"line":50,"column":14}},"50":{"start":{"line":51,"column":0},"end":{"line":51,"column":43}},"51":{"start":{"line":52,"column":0},"end":{"line":52,"column":64}},"53":{"start":{"line":54,"column":0},"end":{"line":54,"column":19}},"54":{"start":{"line":55,"column":0},"end":{"line":55,"column":56}},"55":{"start":{"line":56,"column":0},"end":{"line":56,"column":64}},"57":{"start":{"line":58,"column":0},"end":{"line":58,"column":19}},"58":{"start":{"line":59,"column":0},"end":{"line":59,"column":14}},"60":{"start":{"line":61,"column":0},"end":{"line":61,"column":77}},"61":{"start":{"line":62,"column":0},"end":{"line":62,"column":76}},"62":{"start":{"line":63,"column":0},"end":{"line":63,"column":34}},"63":{"start":{"line":64,"column":0},"end":{"line":64,"column":16}},"64":{"start":{"line":65,"column":0},"end":{"line":65,"column":80}},"65":{"start":{"line":66,"column":0},"end":{"line":66,"column":14}},"67":{"start":{"line":68,"column":0},"end":{"line":68,"column":22}},"68":{"start":{"line":69,"column":0},"end":{"line":69,"column":17}},"69":{"start":{"line":70,"column":0},"end":{"line":70,"column":38}},"70":{"start":{"line":71,"column":0},"end":{"line":71,"column":30}},"71":{"start":{"line":72,"column":0},"end":{"line":72,"column":35}},"72":{"start":{"line":73,"column":0},"end":{"line":73,"column":35}},"73":{"start":{"line":74,"column":0},"end":{"line":74,"column":11}},"75":{"start":{"line":76,"column":0},"end":{"line":76,"column":19}},"77":{"start":{"line":78,"column":0},"end":{"line":78,"column":67}},"79":{"start":{"line":80,"column":0},"end":{"line":80,"column":12}},"80":{"start":{"line":81,"column":0},"end":{"line":81,"column":10}},"82":{"start":{"line":83,"column":0},"end":{"line":83,"column":1}}},"s":{"0":1,"1":1,"2":1,"3":1,"4":1,"11":20,"12":20,"13":20,"14":20,"15":20,"16":20,"17":20,"19":20,"21":14,"22":14,"23":14,"25":14,"26":1,"28":1,"29":1,"30":0,"31":0,"32":0,"33":0,"34":0,"35":0,"36":1,"38":14,"39":14,"40":14,"41":14,"42":14,"44":14,"45":14,"46":14,"48":14,"49":14,"50":14,"51":14,"53":14,"54":14,"55":14,"57":14,"58":14,"60":14,"61":20,"62":20,"63":20,"64":20,"65":20,"67":20,"68":3,"69":3,"70":3,"71":3,"72":3,"73":3,"75":3,"77":11,"79":20,"80":20,"82":20},"branchMap":{"0":{"type":"branch","line":12,"loc":{"start":{"line":12,"column":0},"end":{"line":83,"column":1}},"locations":[{"start":{"line":12,"column":0},"end":{"line":83,"column":1}}]},"1":{"type":"branch","line":20,"loc":{"start":{"line":20,"column":15},"end":{"line":20,"column":27}},"locations":[{"start":{"line":20,"column":15},"end":{"line":20,"column":27}}]},"2":{"type":"branch","line":20,"loc":{"start":{"line":20,"column":22},"end":{"line":62,"column":70}},"locations":[{"start":{"line":20,"column":22},"end":{"line":62,"column":70}}]},"3":{"type":"branch","line":20,"loc":{"start":{"line":20,"column":22},"end":{"line":62,"column":58}},"locations":[{"start":{"line":20,"column":22},"end":{"line":62,"column":58}}]},"4":{"type":"branch","line":62,"loc":{"start":{"line":62,"column":46},"end":{"line":62,"column":70}},"locations":[{"start":{"line":62,"column":46},"end":{"line":62,"column":70}}]},"5":{"type":"branch","line":62,"loc":{"start":{"line":62,"column":58},"end":{"line":62,"column":72}},"locations":[{"start":{"line":62,"column":58},"end":{"line":62,"column":72}}]},"6":{"type":"branch","line":63,"loc":{"start":{"line":63,"column":13},"end":{"line":63,"column":31}},"locations":[{"start":{"line":63,"column":13},"end":{"line":63,"column":31}}]},"7":{"type":"branch","line":63,"loc":{"start":{"line":63,"column":25},"end":{"line":63,"column":34}},"locations":[{"start":{"line":63,"column":25},"end":{"line":63,"column":34}}]},"8":{"type":"branch","line":68,"loc":{"start":{"line":68,"column":9},"end":{"line":76,"column":19}},"locations":[{"start":{"line":68,"column":9},"end":{"line":76,"column":19}}]},"9":{"type":"branch","line":76,"loc":{"start":{"line":76,"column":10},"end":{"line":78,"column":67}},"locations":[{"start":{"line":76,"column":10},"end":{"line":78,"column":67}}]},"10":{"type":"branch","line":22,"loc":{"start":{"line":22,"column":19},"end":{"line":22,"column":45}},"locations":[{"start":{"line":22,"column":19},"end":{"line":22,"column":45}}]},"11":{"type":"branch","line":23,"loc":{"start":{"line":23,"column":19},"end":{"line":23,"column":61}},"locations":[{"start":{"line":23,"column":19},"end":{"line":23,"column":61}}]},"12":{"type":"branch","line":23,"loc":{"start":{"line":23,"column":42},"end":{"line":23,"column":58}},"locations":[{"start":{"line":23,"column":42},"end":{"line":23,"column":58}}]},"13":{"type":"branch","line":24,"loc":{"start":{"line":24,"column":25},"end":{"line":24,"column":56}},"locations":[{"start":{"line":24,"column":25},"end":{"line":24,"column":56}}]},"14":{"type":"branch","line":26,"loc":{"start":{"line":26,"column":24},"end":{"line":37,"column":4}},"locations":[{"start":{"line":26,"column":24},"end":{"line":37,"column":4}}]},"15":{"type":"branch","line":27,"loc":{"start":{"line":27,"column":20},"end":{"line":27,"column":27}},"locations":[{"start":{"line":27,"column":20},"end":{"line":27,"column":27}}]},"16":{"type":"branch","line":30,"loc":{"start":{"line":30,"column":43},"end":{"line":36,"column":5}},"locations":[{"start":{"line":30,"column":43},"end":{"line":36,"column":5}}]},"17":{"type":"branch","line":43,"loc":{"start":{"line":43,"column":17},"end":{"line":43,"column":44}},"locations":[{"start":{"line":43,"column":17},"end":{"line":43,"column":44}}]}},"b":{"0":[20],"1":[6],"2":[15],"3":[14],"4":[3],"5":[11],"6":[3],"7":[11],"8":[3],"9":[11],"10":[1],"11":[1],"12":[0],"13":[4],"14":[1],"15":[0],"16":[0],"17":[8]},"fnMap":{"0":{"name":"BookingLicence","decl":{"start":{"line":12,"column":0},"end":{"line":83,"column":1}},"loc":{"start":{"line":12,"column":0},"end":{"line":83,"column":1}},"line":12},"1":{"name":"increase","decl":{"start":{"line":22,"column":19},"end":{"line":22,"column":45}},"loc":{"start":{"line":22,"column":19},"end":{"line":22,"column":45}},"line":22},"2":{"name":"decrease","decl":{"start":{"line":23,"column":19},"end":{"line":23,"column":61}},"loc":{"start":{"line":23,"column":19},"end":{"line":23,"column":61}},"line":23},"3":{"name":"toggleCheckbox","decl":{"start":{"line":24,"column":25},"end":{"line":24,"column":56}},"loc":{"start":{"line":24,"column":25},"end":{"line":24,"column":56}},"line":24},"4":{"name":"handleBooking","decl":{"start":{"line":26,"column":24},"end":{"line":37,"column":4}},"loc":{"start":{"line":26,"column":24},"end":{"line":37,"column":4}},"line":26},"5":{"name":"onClick","decl":{"start":{"line":43,"column":17},"end":{"line":43,"column":44}},"loc":{"start":{"line":43,"column":17},"end":{"line":43,"column":44}},"line":43}},"f":{"0":20,"1":1,"2":1,"3":4,"4":1,"5":8}}
,"C:\\Users\\CC-Student\\projekt-west-calvin\\src\\components\\modal_windows\\TerminateLicence.tsx": {"path":"C:\\Users\\CC-Student\\projekt-west-calvin\\src\\components\\modal_windows\\TerminateLicence.tsx","all":false,"statementMap":{"0":{"start":{"line":1,"column":0},"end":{"line":1,"column":32}},"1":{"start":{"line":2,"column":0},"end":{"line":2,"column":42}},"8":{"start":{"line":9,"column":0},"end":{"line":9,"column":42}},"9":{"start":{"line":10,"column":0},"end":{"line":10,"column":9}},"10":{"start":{"line":11,"column":0},"end":{"line":11,"column":10}},"11":{"start":{"line":12,"column":0},"end":{"line":12,"column":27}},"12":{"start":{"line":13,"column":0},"end":{"line":13,"column":27}},"14":{"start":{"line":15,"column":0},"end":{"line":15,"column":10}},"15":{"start":{"line":16,"column":0},"end":{"line":16,"column":63}},"16":{"start":{"line":17,"column":0},"end":{"line":17,"column":10}},"17":{"start":{"line":18,"column":0},"end":{"line":18,"column":45}},"18":{"start":{"line":19,"column":0},"end":{"line":19,"column":44}},"20":{"start":{"line":21,"column":0},"end":{"line":21,"column":48}},"21":{"start":{"line":22,"column":0},"end":{"line":22,"column":49}},"22":{"start":{"line":23,"column":0},"end":{"line":23,"column":71}},"24":{"start":{"line":25,"column":0},"end":{"line":25,"column":19}},"25":{"start":{"line":26,"column":0},"end":{"line":26,"column":14}},"26":{"start":{"line":27,"column":0},"end":{"line":27,"column":66}},"28":{"start":{"line":29,"column":0},"end":{"line":29,"column":17}},"29":{"start":{"line":30,"column":0},"end":{"line":30,"column":12}},"30":{"start":{"line":31,"column":0},"end":{"line":31,"column":10}},"32":{"start":{"line":33,"column":0},"end":{"line":33,"column":1}}},"s":{"0":1,"1":1,"8":10,"9":10,"10":10,"11":10,"12":10,"14":4,"15":4,"16":4,"17":4,"18":4,"20":4,"21":4,"22":4,"24":4,"25":4,"26":4,"28":4,"29":4,"30":4,"32":4},"branchMap":{"0":{"type":"branch","line":9,"loc":{"start":{"line":9,"column":0},"end":{"line":33,"column":1}},"locations":[{"start":{"line":9,"column":0},"end":{"line":33,"column":1}}]},"1":{"type":"branch","line":13,"loc":{"start":{"line":13,"column":15},"end":{"line":13,"column":27}},"locations":[{"start":{"line":13,"column":15},"end":{"line":13,"column":27}}]},"2":{"type":"branch","line":13,"loc":{"start":{"line":13,"column":22},"end":{"line":33,"column":1}},"locations":[{"start":{"line":13,"column":22},"end":{"line":33,"column":1}}]},"3":{"type":"branch","line":19,"loc":{"start":{"line":19,"column":17},"end":{"line":19,"column":44}},"locations":[{"start":{"line":19,"column":17},"end":{"line":19,"column":44}}]}},"b":{"0":[10],"1":[6],"2":[4],"3":[3]},"fnMap":{"0":{"name":"TerminateLicence","decl":{"start":{"line":9,"column":0},"end":{"line":33,"column":1}},"loc":{"start":{"line":9,"column":0},"end":{"line":33,"column":1}},"line":9},"1":{"name":"onClick","decl":{"start":{"line":19,"column":17},"end":{"line":19,"column":44}},"loc":{"start":{"line":19,"column":17},"end":{"line":19,"column":44}},"line":19}},"f":{"0":10,"1":3}}
}
