{"C:\\Users\\CC-Student\\projekt-west-calvin\\eslint.config.js": {"path":"C:\\Users\\CC-Student\\projekt-west-calvin\\eslint.config.js","all":true,"statementMap":{"0":{"start":{"line":1,"column":0},"end":{"line":1,"column":27}},"1":{"start":{"line":2,"column":0},"end":{"line":2,"column":29}},"2":{"start":{"line":3,"column":0},"end":{"line":3,"column":50}},"3":{"start":{"line":4,"column":0},"end":{"line":4,"column":54}},"4":{"start":{"line":5,"column":0},"end":{"line":5,"column":40}},"6":{"start":{"line":7,"column":0},"end":{"line":7,"column":31}},"7":{"start":{"line":8,"column":0},"end":{"line":8,"column":24}},"8":{"start":{"line":9,"column":0},"end":{"line":9,"column":3}},"9":{"start":{"line":10,"column":0},"end":{"line":10,"column":71}},"10":{"start":{"line":11,"column":0},"end":{"line":11,"column":29}},"11":{"start":{"line":12,"column":0},"end":{"line":12,"column":22}},"12":{"start":{"line":13,"column":0},"end":{"line":13,"column":24}},"13":{"start":{"line":14,"column":0},"end":{"line":14,"column":31}},"14":{"start":{"line":15,"column":0},"end":{"line":15,"column":6}},"15":{"start":{"line":16,"column":0},"end":{"line":16,"column":14}},"16":{"start":{"line":17,"column":0},"end":{"line":17,"column":32}},"17":{"start":{"line":18,"column":0},"end":{"line":18,"column":36}},"18":{"start":{"line":19,"column":0},"end":{"line":19,"column":6}},"19":{"start":{"line":20,"column":0},"end":{"line":20,"column":12}},"20":{"start":{"line":21,"column":0},"end":{"line":21,"column":46}},"21":{"start":{"line":22,"column":0},"end":{"line":22,"column":47}},"22":{"start":{"line":23,"column":0},"end":{"line":23,"column":15}},"23":{"start":{"line":24,"column":0},"end":{"line":24,"column":38}},"24":{"start":{"line":25,"column":0},"end":{"line":25,"column":8}},"25":{"start":{"line":26,"column":0},"end":{"line":26,"column":6}},"26":{"start":{"line":27,"column":0},"end":{"line":27,"column":4}},"27":{"start":{"line":28,"column":0},"end":{"line":28,"column":1}}},"s":{"0":0,"1":0,"2":0,"3":0,"4":0,"6":0,"7":0,"8":0,"9":0,"10":0,"11":0,"12":0,"13":0,"14":0,"15":0,"16":0,"17":0,"18":0,"19":0,"20":0,"21":0,"22":0,"23":0,"24":0,"25":0,"26":0,"27":0},"branchMap":{"0":{"type":"branch","line":1,"loc":{"start":{"line":1,"column":0},"end":{"line":28,"column":-416}},"locations":[{"start":{"line":1,"column":0},"end":{"line":28,"column":-416}}]}},"b":{"0":[0]},"fnMap":{"0":{"name":"(empty-report)","decl":{"start":{"line":1,"column":0},"end":{"line":28,"column":-416}},"loc":{"start":{"line":1,"column":0},"end":{"line":28,"column":-416}},"line":1}},"f":{"0":0}}
,"C:\\Users\\CC-Student\\projekt-west-calvin\\vite.config.ts": {"path":"C:\\Users\\CC-Student\\projekt-west-calvin\\vite.config.ts","all":true,"statementMap":{"0":{"start":{"line":1,"column":0},"end":{"line":1,"column":45}},"1":{"start":{"line":2,"column":0},"end":{"line":2,"column":41}},"2":{"start":{"line":3,"column":0},"end":{"line":3,"column":48}},"4":{"start":{"line":5,"column":0},"end":{"line":5,"column":29}},"5":{"start":{"line":6,"column":0},"end":{"line":6,"column":38}},"6":{"start":{"line":7,"column":0},"end":{"line":7,"column":9}},"7":{"start":{"line":8,"column":0},"end":{"line":8,"column":25}},"8":{"start":{"line":9,"column":0},"end":{"line":9,"column":18}},"9":{"start":{"line":10,"column":0},"end":{"line":10,"column":34}},"10":{"start":{"line":11,"column":0},"end":{"line":11,"column":74}},"11":{"start":{"line":12,"column":0},"end":{"line":12,"column":15}},"12":{"start":{"line":13,"column":0},"end":{"line":13,"column":21}},"13":{"start":{"line":14,"column":0},"end":{"line":14,"column":41}},"14":{"start":{"line":15,"column":0},"end":{"line":15,"column":16}},"15":{"start":{"line":16,"column":0},"end":{"line":16,"column":31}},"16":{"start":{"line":17,"column":0},"end":{"line":17,"column":43}},"17":{"start":{"line":18,"column":0},"end":{"line":18,"column":41}},"18":{"start":{"line":19,"column":0},"end":{"line":19,"column":40}},"19":{"start":{"line":20,"column":0},"end":{"line":20,"column":40}},"20":{"start":{"line":21,"column":0},"end":{"line":21,"column":8}},"21":{"start":{"line":22,"column":0},"end":{"line":22,"column":6}},"22":{"start":{"line":23,"column":0},"end":{"line":23,"column":4}},"23":{"start":{"line":24,"column":0},"end":{"line":24,"column":3}}},"s":{"0":0,"1":0,"2":0,"4":0,"5":0,"6":0,"7":0,"8":0,"9":0,"10":0,"11":0,"12":0,"13":0,"14":0,"15":0,"16":0,"17":0,"18":0,"19":0,"20":0,"21":0,"22":0,"23":0},"branchMap":{"0":{"type":"branch","line":1,"loc":{"start":{"line":1,"column":0},"end":{"line":24,"column":-281}},"locations":[{"start":{"line":1,"column":0},"end":{"line":24,"column":-281}}]}},"b":{"0":[0]},"fnMap":{"0":{"name":"(empty-report)","decl":{"start":{"line":1,"column":0},"end":{"line":24,"column":-281}},"loc":{"start":{"line":1,"column":0},"end":{"line":24,"column":-281}},"line":1}},"f":{"0":0}}
,"C:\\Users\\CC-Student\\projekt-west-calvin\\src\\App.tsx": {"path":"C:\\Users\\CC-Student\\projekt-west-calvin\\src\\App.tsx","all":true,"statementMap":{"0":{"start":{"line":1,"column":0},"end":{"line":1,"column":74}},"1":{"start":{"line":2,"column":0},"end":{"line":2,"column":45}},"2":{"start":{"line":3,"column":0},"end":{"line":3,"column":51}},"3":{"start":{"line":4,"column":0},"end":{"line":4,"column":19}},"5":{"start":{"line":6,"column":0},"end":{"line":6,"column":16}},"6":{"start":{"line":7,"column":0},"end":{"line":7,"column":10}},"7":{"start":{"line":8,"column":0},"end":{"line":8,"column":12}},"8":{"start":{"line":9,"column":0},"end":{"line":9,"column":11}},"9":{"start":{"line":10,"column":0},"end":{"line":10,"column":35}},"10":{"start":{"line":11,"column":0},"end":{"line":11,"column":58}},"11":{"start":{"line":12,"column":0},"end":{"line":12,"column":55}},"12":{"start":{"line":13,"column":0},"end":{"line":13,"column":17}},"14":{"start":{"line":15,"column":0},"end":{"line":15,"column":16}},"15":{"start":{"line":16,"column":0},"end":{"line":16,"column":51}},"16":{"start":{"line":17,"column":0},"end":{"line":17,"column":72}},"17":{"start":{"line":18,"column":0},"end":{"line":18,"column":17}},"18":{"start":{"line":19,"column":0},"end":{"line":19,"column":12}},"19":{"start":{"line":20,"column":0},"end":{"line":20,"column":13}},"21":{"start":{"line":22,"column":0},"end":{"line":22,"column":1}},"22":{"start":{"line":23,"column":0},"end":{"line":23,"column":19}}},"s":{"0":0,"1":0,"2":0,"3":0,"5":0,"6":0,"7":0,"8":0,"9":0,"10":0,"11":0,"12":0,"14":0,"15":0,"16":0,"17":0,"18":0,"19":0,"21":0,"22":0},"branchMap":{"0":{"type":"branch","line":1,"loc":{"start":{"line":1,"column":293},"end":{"line":23,"column":-384}},"locations":[{"start":{"line":1,"column":293},"end":{"line":23,"column":-384}}]}},"b":{"0":[0]},"fnMap":{"0":{"name":"(empty-report)","decl":{"start":{"line":1,"column":293},"end":{"line":23,"column":-384}},"loc":{"start":{"line":1,"column":293},"end":{"line":23,"column":-384}},"line":1}},"f":{"0":0}}
,"C:\\Users\\CC-Student\\projekt-west-calvin\\src\\main.tsx": {"path":"C:\\Users\\CC-Student\\projekt-west-calvin\\src\\main.tsx","all":true,"statementMap":{"0":{"start":{"line":1,"column":0},"end":{"line":1,"column":35}},"1":{"start":{"line":2,"column":0},"end":{"line":2,"column":46}},"2":{"start":{"line":3,"column":0},"end":{"line":3,"column":28}},"3":{"start":{"line":4,"column":0},"end":{"line":4,"column":52}},"5":{"start":{"line":6,"column":0},"end":{"line":6,"column":52}},"6":{"start":{"line":7,"column":0},"end":{"line":7,"column":14}},"7":{"start":{"line":8,"column":0},"end":{"line":8,"column":14}},"8":{"start":{"line":9,"column":0},"end":{"line":9,"column":13}},"9":{"start":{"line":10,"column":0},"end":{"line":10,"column":15}},"10":{"start":{"line":11,"column":0},"end":{"line":11,"column":15}},"11":{"start":{"line":12,"column":0},"end":{"line":12,"column":2}}},"s":{"0":0,"1":0,"2":0,"3":0,"5":0,"6":0,"7":0,"8":0,"9":0,"10":0,"11":0},"branchMap":{"0":{"type":"branch","line":1,"loc":{"start":{"line":1,"column":255},"end":{"line":12,"column":-213}},"locations":[{"start":{"line":1,"column":255},"end":{"line":12,"column":-213}}]}},"b":{"0":[0]},"fnMap":{"0":{"name":"(empty-report)","decl":{"start":{"line":1,"column":255},"end":{"line":12,"column":-213}},"loc":{"start":{"line":1,"column":255},"end":{"line":12,"column":-213}},"line":1}},"f":{"0":0}}
,"C:\\Users\\CC-Student\\projekt-west-calvin\\src\\vite-env.d.ts": {"path":"C:\\Users\\CC-Student\\projekt-west-calvin\\src\\vite-env.d.ts","all":true,"statementMap":{},"s":{},"branchMap":{"0":{"type":"branch","line":1,"loc":{"start":{"line":1,"column":37},"end":{"line":1,"column":37}},"locations":[{"start":{"line":1,"column":37},"end":{"line":1,"column":37}}]}},"b":{"0":[1]},"fnMap":{"0":{"name":"(empty-report)","decl":{"start":{"line":1,"column":37},"end":{"line":1,"column":37}},"loc":{"start":{"line":1,"column":37},"end":{"line":1,"column":37}},"line":1}},"f":{"0":1}}
,"C:\\Users\\CC-Student\\projekt-west-calvin\\src\\components\\LicenceBox.tsx": {"path":"C:\\Users\\CC-Student\\projekt-west-calvin\\src\\components\\LicenceBox.tsx","all":false,"statementMap":{"1":{"start":{"line":2,"column":0},"end":{"line":2,"column":26}},"12":{"start":{"line":13,"column":0},"end":{"line":13,"column":48}},"13":{"start":{"line":14,"column":0},"end":{"line":14,"column":8}},"14":{"start":{"line":15,"column":0},"end":{"line":15,"column":14}},"15":{"start":{"line":16,"column":0},"end":{"line":16,"column":18}},"16":{"start":{"line":17,"column":0},"end":{"line":17,"column":13}},"17":{"start":{"line":18,"column":0},"end":{"line":18,"column":11}},"18":{"start":{"line":19,"column":0},"end":{"line":19,"column":11}},"19":{"start":{"line":20,"column":0},"end":{"line":20,"column":7}},"20":{"start":{"line":21,"column":0},"end":{"line":21,"column":10}},"21":{"start":{"line":22,"column":0},"end":{"line":22,"column":8}},"22":{"start":{"line":23,"column":0},"end":{"line":23,"column":61}},"23":{"start":{"line":24,"column":0},"end":{"line":24,"column":24}},"25":{"start":{"line":26,"column":0},"end":{"line":26,"column":60}},"26":{"start":{"line":27,"column":0},"end":{"line":27,"column":36}},"27":{"start":{"line":28,"column":0},"end":{"line":28,"column":46}},"28":{"start":{"line":29,"column":0},"end":{"line":29,"column":12}},"29":{"start":{"line":30,"column":0},"end":{"line":30,"column":39}},"30":{"start":{"line":31,"column":0},"end":{"line":31,"column":11}},"31":{"start":{"line":32,"column":0},"end":{"line":32,"column":55}},"32":{"start":{"line":33,"column":0},"end":{"line":33,"column":12}},"33":{"start":{"line":34,"column":0},"end":{"line":34,"column":11}},"34":{"start":{"line":35,"column":0},"end":{"line":35,"column":71}},"35":{"start":{"line":36,"column":0},"end":{"line":36,"column":12}},"36":{"start":{"line":37,"column":0},"end":{"line":37,"column":24}},"37":{"start":{"line":38,"column":0},"end":{"line":38,"column":32}},"38":{"start":{"line":39,"column":0},"end":{"line":39,"column":54}},"39":{"start":{"line":40,"column":0},"end":{"line":40,"column":14}},"41":{"start":{"line":42,"column":0},"end":{"line":42,"column":12}},"42":{"start":{"line":43,"column":0},"end":{"line":43,"column":10}},"44":{"start":{"line":45,"column":0},"end":{"line":45,"column":2}},"46":{"start":{"line":47,"column":0},"end":{"line":47,"column":26}}},"s":{"1":1,"12":1,"13":25,"14":25,"15":25,"16":25,"17":25,"18":25,"19":25,"20":25,"21":25,"22":25,"23":25,"25":25,"26":25,"27":25,"28":25,"29":25,"30":25,"31":25,"32":25,"33":25,"34":25,"35":25,"36":25,"37":14,"38":14,"39":14,"41":25,"42":25,"44":25,"46":1},"branchMap":{"0":{"type":"branch","line":13,"loc":{"start":{"line":13,"column":46},"end":{"line":45,"column":2}},"locations":[{"start":{"line":13,"column":46},"end":{"line":45,"column":2}}]},"1":{"type":"branch","line":23,"loc":{"start":{"line":23,"column":32},"end":{"line":23,"column":56}},"locations":[{"start":{"line":23,"column":32},"end":{"line":23,"column":56}}]},"2":{"type":"branch","line":23,"loc":{"start":{"line":23,"column":43},"end":{"line":23,"column":58}},"locations":[{"start":{"line":23,"column":43},"end":{"line":23,"column":58}}]},"3":{"type":"branch","line":26,"loc":{"start":{"line":26,"column":33},"end":{"line":26,"column":50}},"locations":[{"start":{"line":26,"column":33},"end":{"line":26,"column":50}}]},"4":{"type":"branch","line":26,"loc":{"start":{"line":26,"column":44},"end":{"line":26,"column":54}},"locations":[{"start":{"line":26,"column":44},"end":{"line":26,"column":54}}]},"5":{"type":"branch","line":37,"loc":{"start":{"line":37,"column":9},"end":{"line":40,"column":14}},"locations":[{"start":{"line":37,"column":9},"end":{"line":40,"column":14}}]}},"b":{"0":[25],"1":[2],"2":[23],"3":[2],"4":[23],"5":[14]},"fnMap":{"0":{"name":"LicenceBox","decl":{"start":{"line":13,"column":46},"end":{"line":45,"column":2}},"loc":{"start":{"line":13,"column":46},"end":{"line":45,"column":2}},"line":13}},"f":{"0":25}}
,"C:\\Users\\CC-Student\\projekt-west-calvin\\src\\components\\LicenceView.tsx": {"path":"C:\\Users\\CC-Student\\projekt-west-calvin\\src\\components\\LicenceView.tsx","all":false,"statementMap":{"0":{"start":{"line":1,"column":0},"end":{"line":1,"column":33}},"1":{"start":{"line":2,"column":0},"end":{"line":2,"column":38}},"2":{"start":{"line":3,"column":0},"end":{"line":3,"column":64}},"3":{"start":{"line":4,"column":0},"end":{"line":4,"column":60}},"4":{"start":{"line":5,"column":0},"end":{"line":5,"column":27}},"5":{"start":{"line":6,"column":0},"end":{"line":6,"column":42}},"6":{"start":{"line":7,"column":0},"end":{"line":7,"column":45}},"8":{"start":{"line":9,"column":0},"end":{"line":9,"column":37}},"9":{"start":{"line":10,"column":0},"end":{"line":10,"column":73}},"10":{"start":{"line":11,"column":0},"end":{"line":11,"column":72}},"11":{"start":{"line":12,"column":0},"end":{"line":12,"column":68}},"12":{"start":{"line":13,"column":0},"end":{"line":13,"column":31}},"14":{"start":{"line":15,"column":0},"end":{"line":15,"column":20}},"15":{"start":{"line":16,"column":0},"end":{"line":16,"column":5}},"16":{"start":{"line":17,"column":0},"end":{"line":17,"column":33}},"17":{"start":{"line":18,"column":0},"end":{"line":18,"column":32}},"18":{"start":{"line":19,"column":0},"end":{"line":19,"column":36}},"19":{"start":{"line":20,"column":0},"end":{"line":20,"column":6}},"20":{"start":{"line":21,"column":0},"end":{"line":21,"column":5}},"21":{"start":{"line":22,"column":0},"end":{"line":22,"column":33}},"22":{"start":{"line":23,"column":0},"end":{"line":23,"column":32}},"23":{"start":{"line":24,"column":0},"end":{"line":24,"column":36}},"24":{"start":{"line":25,"column":0},"end":{"line":25,"column":31}},"25":{"start":{"line":26,"column":0},"end":{"line":26,"column":6}},"26":{"start":{"line":27,"column":0},"end":{"line":27,"column":5}},"27":{"start":{"line":28,"column":0},"end":{"line":28,"column":33}},"28":{"start":{"line":29,"column":0},"end":{"line":29,"column":32}},"29":{"start":{"line":30,"column":0},"end":{"line":30,"column":36}},"30":{"start":{"line":31,"column":0},"end":{"line":31,"column":6}},"31":{"start":{"line":32,"column":0},"end":{"line":32,"column":5}},"32":{"start":{"line":33,"column":0},"end":{"line":33,"column":33}},"33":{"start":{"line":34,"column":0},"end":{"line":34,"column":32}},"34":{"start":{"line":35,"column":0},"end":{"line":35,"column":36}},"35":{"start":{"line":36,"column":0},"end":{"line":36,"column":31}},"36":{"start":{"line":37,"column":0},"end":{"line":37,"column":6}},"37":{"start":{"line":38,"column":0},"end":{"line":38,"column":4}},"39":{"start":{"line":40,"column":0},"end":{"line":40,"column":46}},"40":{"start":{"line":41,"column":0},"end":{"line":41,"column":33}},"41":{"start":{"line":42,"column":0},"end":{"line":42,"column":26}},"42":{"start":{"line":43,"column":0},"end":{"line":43,"column":43}},"43":{"start":{"line":44,"column":0},"end":{"line":44,"column":26}},"44":{"start":{"line":45,"column":0},"end":{"line":45,"column":6}},"45":{"start":{"line":46,"column":0},"end":{"line":46,"column":4}},"47":{"start":{"line":48,"column":0},"end":{"line":48,"column":10}},"48":{"start":{"line":49,"column":0},"end":{"line":49,"column":34}},"49":{"start":{"line":50,"column":0},"end":{"line":50,"column":37}},"50":{"start":{"line":51,"column":0},"end":{"line":51,"column":73}},"51":{"start":{"line":52,"column":0},"end":{"line":52,"column":15}},"53":{"start":{"line":54,"column":0},"end":{"line":54,"column":31}},"55":{"start":{"line":56,"column":0},"end":{"line":56,"column":43}},"56":{"start":{"line":57,"column":0},"end":{"line":57,"column":38}},"57":{"start":{"line":58,"column":0},"end":{"line":58,"column":23}},"58":{"start":{"line":59,"column":0},"end":{"line":59,"column":33}},"59":{"start":{"line":60,"column":0},"end":{"line":60,"column":35}},"60":{"start":{"line":61,"column":0},"end":{"line":61,"column":47}},"61":{"start":{"line":62,"column":0},"end":{"line":62,"column":55}},"62":{"start":{"line":63,"column":0},"end":{"line":63,"column":45}},"63":{"start":{"line":64,"column":0},"end":{"line":64,"column":65}},"64":{"start":{"line":65,"column":0},"end":{"line":65,"column":61}},"65":{"start":{"line":66,"column":0},"end":{"line":66,"column":14}},"66":{"start":{"line":67,"column":0},"end":{"line":67,"column":13}},"67":{"start":{"line":68,"column":0},"end":{"line":68,"column":14}},"70":{"start":{"line":71,"column":0},"end":{"line":71,"column":33}},"71":{"start":{"line":72,"column":0},"end":{"line":72,"column":17}},"72":{"start":{"line":73,"column":0},"end":{"line":73,"column":43}},"73":{"start":{"line":74,"column":0},"end":{"line":74,"column":27}},"74":{"start":{"line":75,"column":0},"end":{"line":75,"column":53}},"75":{"start":{"line":76,"column":0},"end":{"line":76,"column":11}},"77":{"start":{"line":78,"column":0},"end":{"line":78,"column":19}},"79":{"start":{"line":80,"column":0},"end":{"line":80,"column":17}},"80":{"start":{"line":81,"column":0},"end":{"line":81,"column":45}},"81":{"start":{"line":82,"column":0},"end":{"line":82,"column":27}},"82":{"start":{"line":83,"column":0},"end":{"line":83,"column":55}},"83":{"start":{"line":84,"column":0},"end":{"line":84,"column":11}},"85":{"start":{"line":86,"column":0},"end":{"line":86,"column":19}},"87":{"start":{"line":88,"column":0},"end":{"line":88,"column":45}},"88":{"start":{"line":89,"column":0},"end":{"line":89,"column":16}},"89":{"start":{"line":90,"column":0},"end":{"line":90,"column":84}},"91":{"start":{"line":92,"column":0},"end":{"line":92,"column":17}},"92":{"start":{"line":93,"column":0},"end":{"line":93,"column":32}},"93":{"start":{"line":94,"column":0},"end":{"line":94,"column":16}},"94":{"start":{"line":95,"column":0},"end":{"line":95,"column":14}},"95":{"start":{"line":96,"column":0},"end":{"line":96,"column":12}},"97":{"start":{"line":98,"column":0},"end":{"line":98,"column":23}},"98":{"start":{"line":99,"column":0},"end":{"line":99,"column":37}},"99":{"start":{"line":100,"column":0},"end":{"line":100,"column":52}},"100":{"start":{"line":101,"column":0},"end":{"line":101,"column":8}},"102":{"start":{"line":103,"column":0},"end":{"line":103,"column":21}},"103":{"start":{"line":104,"column":0},"end":{"line":104,"column":35}},"104":{"start":{"line":105,"column":0},"end":{"line":105,"column":50}},"105":{"start":{"line":106,"column":0},"end":{"line":106,"column":8}},"106":{"start":{"line":107,"column":0},"end":{"line":107,"column":10}},"108":{"start":{"line":109,"column":0},"end":{"line":109,"column":2}},"110":{"start":{"line":111,"column":0},"end":{"line":111,"column":27}}},"s":{"0":1,"1":1,"2":1,"3":1,"4":1,"5":1,"6":1,"8":1,"9":5,"10":5,"11":5,"12":5,"14":5,"15":5,"16":5,"17":5,"18":5,"19":5,"20":5,"21":5,"22":5,"23":5,"24":5,"25":5,"26":5,"27":5,"28":5,"29":5,"30":5,"31":5,"32":5,"33":5,"34":5,"35":5,"36":5,"37":5,"39":5,"40":1,"41":1,"42":0,"43":1,"44":1,"45":1,"47":5,"48":5,"49":5,"50":5,"51":5,"53":5,"55":5,"56":5,"57":20,"58":20,"59":20,"60":20,"61":20,"62":20,"63":20,"64":20,"65":20,"66":5,"67":5,"70":5,"71":5,"72":5,"73":5,"74":5,"75":5,"77":5,"79":5,"80":5,"81":5,"82":5,"83":5,"85":5,"87":5,"88":5,"89":5,"91":5,"92":5,"93":5,"94":5,"95":5,"97":5,"98":5,"99":5,"100":5,"102":5,"103":5,"104":5,"105":5,"106":5,"108":5,"110":1},"branchMap":{"0":{"type":"branch","line":9,"loc":{"start":{"line":9,"column":30},"end":{"line":109,"column":2}},"locations":[{"start":{"line":9,"column":30},"end":{"line":109,"column":2}}]},"1":{"type":"branch","line":51,"loc":{"start":{"line":51,"column":13},"end":{"line":51,"column":26}},"locations":[{"start":{"line":51,"column":13},"end":{"line":51,"column":26}}]},"2":{"type":"branch","line":51,"loc":{"start":{"line":51,"column":45},"end":{"line":51,"column":57}},"locations":[{"start":{"line":51,"column":45},"end":{"line":51,"column":57}}]},"3":{"type":"branch","line":90,"loc":{"start":{"line":90,"column":32},"end":{"line":90,"column":45}},"locations":[{"start":{"line":90,"column":32},"end":{"line":90,"column":45}}]},"4":{"type":"branch","line":90,"loc":{"start":{"line":90,"column":64},"end":{"line":90,"column":76}},"locations":[{"start":{"line":90,"column":64},"end":{"line":90,"column":76}}]},"5":{"type":"branch","line":40,"loc":{"start":{"line":40,"column":26},"end":{"line":46,"column":4}},"locations":[{"start":{"line":40,"column":26},"end":{"line":46,"column":4}}]},"6":{"type":"branch","line":41,"loc":{"start":{"line":41,"column":24},"end":{"line":44,"column":26}},"locations":[{"start":{"line":41,"column":24},"end":{"line":44,"column":26}}]},"7":{"type":"branch","line":42,"loc":{"start":{"line":42,"column":25},"end":{"line":43,"column":43}},"locations":[{"start":{"line":42,"column":25},"end":{"line":43,"column":43}}]},"8":{"type":"branch","line":57,"loc":{"start":{"line":57,"column":24},"end":{"line":66,"column":14}},"locations":[{"start":{"line":57,"column":24},"end":{"line":66,"column":14}}]},"9":{"type":"branch","line":65,"loc":{"start":{"line":65,"column":24},"end":{"line":65,"column":61}},"locations":[{"start":{"line":65,"column":24},"end":{"line":65,"column":61}}]},"10":{"type":"branch","line":75,"loc":{"start":{"line":75,"column":21},"end":{"line":75,"column":53}},"locations":[{"start":{"line":75,"column":21},"end":{"line":75,"column":53}}]}},"b":{"0":[5],"1":[0],"2":[0],"3":[0],"4":[0],"5":[1],"6":[1],"7":[0],"8":[20],"9":[1],"10":[1]},"fnMap":{"0":{"name":"LicenceView","decl":{"start":{"line":9,"column":30},"end":{"line":109,"column":2}},"loc":{"start":{"line":9,"column":30},"end":{"line":109,"column":2}},"line":9},"1":{"name":"toggleSelection","decl":{"start":{"line":40,"column":26},"end":{"line":46,"column":4}},"loc":{"start":{"line":40,"column":26},"end":{"line":46,"column":4}},"line":40},"2":{"name":"onSelect","decl":{"start":{"line":65,"column":24},"end":{"line":65,"column":61}},"loc":{"start":{"line":65,"column":24},"end":{"line":65,"column":61}},"line":65},"3":{"name":"onClick","decl":{"start":{"line":75,"column":21},"end":{"line":75,"column":53}},"loc":{"start":{"line":75,"column":21},"end":{"line":75,"column":53}},"line":75},"4":{"name":"onClick","decl":{"start":{"line":83,"column":21},"end":{"line":83,"column":55}},"loc":{"start":{"line":83,"column":21},"end":{"line":83,"column":55}},"line":83},"5":{"name":"onClose","decl":{"start":{"line":100,"column":17},"end":{"line":100,"column":52}},"loc":{"start":{"line":100,"column":17},"end":{"line":100,"column":52}},"line":100},"6":{"name":"onClose","decl":{"start":{"line":105,"column":17},"end":{"line":105,"column":50}},"loc":{"start":{"line":105,"column":17},"end":{"line":105,"column":50}},"line":105}},"f":{"0":5,"1":1,"2":1,"3":1,"4":0,"5":0,"6":0}}
,"C:\\Users\\CC-Student\\projekt-west-calvin\\src\\components\\Overview.tsx": {"path":"C:\\Users\\CC-Student\\projekt-west-calvin\\src\\components\\Overview.tsx","all":false,"statementMap":{"1":{"start":{"line":2,"column":0},"end":{"line":2,"column":47}},"2":{"start":{"line":3,"column":0},"end":{"line":3,"column":24}},"4":{"start":{"line":5,"column":0},"end":{"line":5,"column":34}},"5":{"start":{"line":6,"column":0},"end":{"line":6,"column":33}},"7":{"start":{"line":8,"column":0},"end":{"line":8,"column":10}},"8":{"start":{"line":9,"column":0},"end":{"line":9,"column":40}},"9":{"start":{"line":10,"column":0},"end":{"line":10,"column":41}},"10":{"start":{"line":11,"column":0},"end":{"line":11,"column":33}},"11":{"start":{"line":12,"column":0},"end":{"line":12,"column":15}},"12":{"start":{"line":13,"column":0},"end":{"line":13,"column":36}},"13":{"start":{"line":14,"column":0},"end":{"line":14,"column":12}},"14":{"start":{"line":15,"column":0},"end":{"line":15,"column":34}},"15":{"start":{"line":16,"column":0},"end":{"line":16,"column":56}},"17":{"start":{"line":18,"column":0},"end":{"line":18,"column":29}},"18":{"start":{"line":19,"column":0},"end":{"line":19,"column":13}},"19":{"start":{"line":20,"column":0},"end":{"line":20,"column":49}},"20":{"start":{"line":21,"column":0},"end":{"line":21,"column":14}},"21":{"start":{"line":22,"column":0},"end":{"line":22,"column":16}},"22":{"start":{"line":23,"column":0},"end":{"line":23,"column":26}},"23":{"start":{"line":24,"column":0},"end":{"line":24,"column":13}},"24":{"start":{"line":25,"column":0},"end":{"line":25,"column":33}},"25":{"start":{"line":26,"column":0},"end":{"line":26,"column":14}},"26":{"start":{"line":27,"column":0},"end":{"line":27,"column":27}},"27":{"start":{"line":28,"column":0},"end":{"line":28,"column":13}},"28":{"start":{"line":29,"column":0},"end":{"line":29,"column":33}},"29":{"start":{"line":30,"column":0},"end":{"line":30,"column":14}},"30":{"start":{"line":31,"column":0},"end":{"line":31,"column":16}},"31":{"start":{"line":32,"column":0},"end":{"line":32,"column":44}},"32":{"start":{"line":33,"column":0},"end":{"line":33,"column":14}},"34":{"start":{"line":35,"column":0},"end":{"line":35,"column":12}},"35":{"start":{"line":36,"column":0},"end":{"line":36,"column":34}},"36":{"start":{"line":37,"column":0},"end":{"line":37,"column":56}},"38":{"start":{"line":39,"column":0},"end":{"line":39,"column":31}},"39":{"start":{"line":40,"column":0},"end":{"line":40,"column":13}},"40":{"start":{"line":41,"column":0},"end":{"line":41,"column":49}},"41":{"start":{"line":42,"column":0},"end":{"line":42,"column":14}},"42":{"start":{"line":43,"column":0},"end":{"line":43,"column":16}},"43":{"start":{"line":44,"column":0},"end":{"line":44,"column":26}},"44":{"start":{"line":45,"column":0},"end":{"line":45,"column":13}},"45":{"start":{"line":46,"column":0},"end":{"line":46,"column":54}},"46":{"start":{"line":47,"column":0},"end":{"line":47,"column":14}},"47":{"start":{"line":48,"column":0},"end":{"line":48,"column":27}},"48":{"start":{"line":49,"column":0},"end":{"line":49,"column":13}},"49":{"start":{"line":50,"column":0},"end":{"line":50,"column":26}},"50":{"start":{"line":51,"column":0},"end":{"line":51,"column":14}},"51":{"start":{"line":52,"column":0},"end":{"line":52,"column":16}},"52":{"start":{"line":53,"column":0},"end":{"line":53,"column":47}},"53":{"start":{"line":54,"column":0},"end":{"line":54,"column":14}},"55":{"start":{"line":56,"column":0},"end":{"line":56,"column":12}},"56":{"start":{"line":57,"column":0},"end":{"line":57,"column":34}},"57":{"start":{"line":58,"column":0},"end":{"line":58,"column":64}},"59":{"start":{"line":60,"column":0},"end":{"line":60,"column":39}},"60":{"start":{"line":61,"column":0},"end":{"line":61,"column":13}},"61":{"start":{"line":62,"column":0},"end":{"line":62,"column":49}},"62":{"start":{"line":63,"column":0},"end":{"line":63,"column":14}},"63":{"start":{"line":64,"column":0},"end":{"line":64,"column":16}},"64":{"start":{"line":65,"column":0},"end":{"line":65,"column":26}},"65":{"start":{"line":66,"column":0},"end":{"line":66,"column":13}},"66":{"start":{"line":67,"column":0},"end":{"line":67,"column":62}},"67":{"start":{"line":68,"column":0},"end":{"line":68,"column":14}},"68":{"start":{"line":69,"column":0},"end":{"line":69,"column":27}},"69":{"start":{"line":70,"column":0},"end":{"line":70,"column":16}},"70":{"start":{"line":71,"column":0},"end":{"line":71,"column":47}},"71":{"start":{"line":72,"column":0},"end":{"line":72,"column":14}},"72":{"start":{"line":73,"column":0},"end":{"line":73,"column":12}},"73":{"start":{"line":74,"column":0},"end":{"line":74,"column":10}},"75":{"start":{"line":76,"column":0},"end":{"line":76,"column":2}},"77":{"start":{"line":78,"column":0},"end":{"line":78,"column":24}}},"s":{"1":1,"2":1,"4":1,"5":1,"7":1,"8":1,"9":1,"10":1,"11":1,"12":1,"13":1,"14":1,"15":1,"17":1,"18":1,"19":1,"20":1,"21":1,"22":1,"23":1,"24":1,"25":1,"26":1,"27":1,"28":1,"29":1,"30":1,"31":1,"32":1,"34":1,"35":1,"36":1,"38":1,"39":1,"40":1,"41":1,"42":1,"43":1,"44":1,"45":1,"46":1,"47":1,"48":1,"49":1,"50":1,"51":1,"52":1,"53":1,"55":1,"56":1,"57":1,"59":1,"60":1,"61":1,"62":1,"63":1,"64":1,"65":1,"66":1,"67":1,"68":1,"69":1,"70":1,"71":1,"72":1,"73":1,"75":1,"77":1},"branchMap":{"0":{"type":"branch","line":5,"loc":{"start":{"line":5,"column":27},"end":{"line":76,"column":2}},"locations":[{"start":{"line":5,"column":27},"end":{"line":76,"column":2}}]}},"b":{"0":[1]},"fnMap":{"0":{"name":"Overview","decl":{"start":{"line":5,"column":27},"end":{"line":76,"column":2}},"loc":{"start":{"line":5,"column":27},"end":{"line":76,"column":2}},"line":5},"1":{"name":"onClick","decl":{"start":{"line":16,"column":19},"end":{"line":16,"column":56}},"loc":{"start":{"line":16,"column":19},"end":{"line":16,"column":56}},"line":16},"2":{"name":"onClick","decl":{"start":{"line":37,"column":19},"end":{"line":37,"column":56}},"loc":{"start":{"line":37,"column":19},"end":{"line":37,"column":56}},"line":37},"3":{"name":"onClick","decl":{"start":{"line":58,"column":19},"end":{"line":58,"column":64}},"loc":{"start":{"line":58,"column":19},"end":{"line":58,"column":64}},"line":58}},"f":{"0":1,"1":0,"2":0,"3":0}}
,"C:\\Users\\CC-Student\\projekt-west-calvin\\src\\components\\modal_windows\\BookingLicence.tsx": {"path":"C:\\Users\\CC-Student\\projekt-west-calvin\\src\\components\\modal_windows\\BookingLicence.tsx","all":false,"statementMap":{"0":{"start":{"line":1,"column":0},"end":{"line":1,"column":30}},"1":{"start":{"line":2,"column":0},"end":{"line":2,"column":42}},"2":{"start":{"line":3,"column":0},"end":{"line":3,"column":33}},"9":{"start":{"line":10,"column":0},"end":{"line":10,"column":40}},"10":{"start":{"line":11,"column":0},"end":{"line":11,"column":9}},"11":{"start":{"line":12,"column":0},"end":{"line":12,"column":10}},"12":{"start":{"line":13,"column":0},"end":{"line":13,"column":25}},"13":{"start":{"line":14,"column":0},"end":{"line":14,"column":40}},"14":{"start":{"line":15,"column":0},"end":{"line":15,"column":52}},"16":{"start":{"line":17,"column":0},"end":{"line":17,"column":27}},"18":{"start":{"line":19,"column":0},"end":{"line":19,"column":45}},"19":{"start":{"line":20,"column":0},"end":{"line":20,"column":61}},"20":{"start":{"line":21,"column":0},"end":{"line":21,"column":56}},"22":{"start":{"line":23,"column":0},"end":{"line":23,"column":10}},"23":{"start":{"line":24,"column":0},"end":{"line":24,"column":61}},"24":{"start":{"line":25,"column":0},"end":{"line":25,"column":10}},"25":{"start":{"line":26,"column":0},"end":{"line":26,"column":43}},"26":{"start":{"line":27,"column":0},"end":{"line":27,"column":44}},"28":{"start":{"line":29,"column":0},"end":{"line":29,"column":46}},"29":{"start":{"line":30,"column":0},"end":{"line":30,"column":61}},"30":{"start":{"line":31,"column":0},"end":{"line":31,"column":69}},"32":{"start":{"line":33,"column":0},"end":{"line":33,"column":19}},"33":{"start":{"line":34,"column":0},"end":{"line":34,"column":14}},"34":{"start":{"line":35,"column":0},"end":{"line":35,"column":43}},"35":{"start":{"line":36,"column":0},"end":{"line":36,"column":64}},"37":{"start":{"line":38,"column":0},"end":{"line":38,"column":19}},"38":{"start":{"line":39,"column":0},"end":{"line":39,"column":56}},"39":{"start":{"line":40,"column":0},"end":{"line":40,"column":64}},"41":{"start":{"line":42,"column":0},"end":{"line":42,"column":19}},"42":{"start":{"line":43,"column":0},"end":{"line":43,"column":14}},"44":{"start":{"line":45,"column":0},"end":{"line":45,"column":77}},"45":{"start":{"line":46,"column":0},"end":{"line":46,"column":76}},"46":{"start":{"line":47,"column":0},"end":{"line":47,"column":34}},"47":{"start":{"line":48,"column":0},"end":{"line":48,"column":16}},"48":{"start":{"line":49,"column":0},"end":{"line":49,"column":80}},"49":{"start":{"line":50,"column":0},"end":{"line":50,"column":14}},"51":{"start":{"line":52,"column":0},"end":{"line":52,"column":22}},"52":{"start":{"line":53,"column":0},"end":{"line":53,"column":17}},"53":{"start":{"line":54,"column":0},"end":{"line":54,"column":38}},"54":{"start":{"line":55,"column":0},"end":{"line":55,"column":30}},"55":{"start":{"line":56,"column":0},"end":{"line":56,"column":29}},"56":{"start":{"line":57,"column":0},"end":{"line":57,"column":35}},"57":{"start":{"line":58,"column":0},"end":{"line":58,"column":11}},"59":{"start":{"line":60,"column":0},"end":{"line":60,"column":19}},"61":{"start":{"line":62,"column":0},"end":{"line":62,"column":67}},"63":{"start":{"line":64,"column":0},"end":{"line":64,"column":12}},"64":{"start":{"line":65,"column":0},"end":{"line":65,"column":10}},"66":{"start":{"line":67,"column":0},"end":{"line":67,"column":1}}},"s":{"0":1,"1":1,"2":1,"9":20,"10":20,"11":20,"12":20,"13":20,"14":20,"16":20,"18":15,"19":15,"20":15,"22":15,"23":15,"24":15,"25":15,"26":15,"28":15,"29":15,"30":15,"32":15,"33":15,"34":15,"35":15,"37":15,"38":15,"39":15,"41":15,"42":15,"44":15,"45":20,"46":20,"47":20,"48":20,"49":20,"51":20,"52":3,"53":3,"54":3,"55":3,"56":3,"57":3,"59":3,"61":12,"63":20,"64":20,"66":20},"branchMap":{"0":{"type":"branch","line":10,"loc":{"start":{"line":10,"column":0},"end":{"line":67,"column":1}},"locations":[{"start":{"line":10,"column":0},"end":{"line":67,"column":1}}]},"1":{"type":"branch","line":17,"loc":{"start":{"line":17,"column":15},"end":{"line":17,"column":27}},"locations":[{"start":{"line":17,"column":15},"end":{"line":17,"column":27}}]},"2":{"type":"branch","line":17,"loc":{"start":{"line":17,"column":22},"end":{"line":46,"column":58}},"locations":[{"start":{"line":17,"column":22},"end":{"line":46,"column":58}}]},"3":{"type":"branch","line":46,"loc":{"start":{"line":46,"column":46},"end":{"line":46,"column":70}},"locations":[{"start":{"line":46,"column":46},"end":{"line":46,"column":70}}]},"4":{"type":"branch","line":46,"loc":{"start":{"line":46,"column":58},"end":{"line":46,"column":72}},"locations":[{"start":{"line":46,"column":58},"end":{"line":46,"column":72}}]},"5":{"type":"branch","line":47,"loc":{"start":{"line":47,"column":13},"end":{"line":47,"column":31}},"locations":[{"start":{"line":47,"column":13},"end":{"line":47,"column":31}}]},"6":{"type":"branch","line":47,"loc":{"start":{"line":47,"column":25},"end":{"line":47,"column":34}},"locations":[{"start":{"line":47,"column":25},"end":{"line":47,"column":34}}]},"7":{"type":"branch","line":52,"loc":{"start":{"line":52,"column":9},"end":{"line":60,"column":19}},"locations":[{"start":{"line":52,"column":9},"end":{"line":60,"column":19}}]},"8":{"type":"branch","line":60,"loc":{"start":{"line":60,"column":10},"end":{"line":62,"column":67}},"locations":[{"start":{"line":60,"column":10},"end":{"line":62,"column":67}}]},"9":{"type":"branch","line":19,"loc":{"start":{"line":19,"column":19},"end":{"line":19,"column":45}},"locations":[{"start":{"line":19,"column":19},"end":{"line":19,"column":45}}]},"10":{"type":"branch","line":20,"loc":{"start":{"line":20,"column":19},"end":{"line":20,"column":61}},"locations":[{"start":{"line":20,"column":19},"end":{"line":20,"column":61}}]},"11":{"type":"branch","line":20,"loc":{"start":{"line":20,"column":42},"end":{"line":20,"column":58}},"locations":[{"start":{"line":20,"column":42},"end":{"line":20,"column":58}}]},"12":{"type":"branch","line":21,"loc":{"start":{"line":21,"column":25},"end":{"line":21,"column":56}},"locations":[{"start":{"line":21,"column":25},"end":{"line":21,"column":56}}]},"13":{"type":"branch","line":27,"loc":{"start":{"line":27,"column":17},"end":{"line":27,"column":44}},"locations":[{"start":{"line":27,"column":17},"end":{"line":27,"column":44}}]}},"b":{"0":[20],"1":[5],"2":[15],"3":[3],"4":[12],"5":[3],"6":[12],"7":[3],"8":[12],"9":[1],"10":[1],"11":[0],"12":[4],"13":[8]},"fnMap":{"0":{"name":"BookingLicence","decl":{"start":{"line":10,"column":0},"end":{"line":67,"column":1}},"loc":{"start":{"line":10,"column":0},"end":{"line":67,"column":1}},"line":10},"1":{"name":"increase","decl":{"start":{"line":19,"column":19},"end":{"line":19,"column":45}},"loc":{"start":{"line":19,"column":19},"end":{"line":19,"column":45}},"line":19},"2":{"name":"decrease","decl":{"start":{"line":20,"column":19},"end":{"line":20,"column":61}},"loc":{"start":{"line":20,"column":19},"end":{"line":20,"column":61}},"line":20},"3":{"name":"toggleCheckbox","decl":{"start":{"line":21,"column":25},"end":{"line":21,"column":56}},"loc":{"start":{"line":21,"column":25},"end":{"line":21,"column":56}},"line":21},"4":{"name":"onClick","decl":{"start":{"line":27,"column":17},"end":{"line":27,"column":44}},"loc":{"start":{"line":27,"column":17},"end":{"line":27,"column":44}},"line":27}},"f":{"0":20,"1":1,"2":1,"3":4,"4":8}}
,"C:\\Users\\CC-Student\\projekt-west-calvin\\src\\components\\modal_windows\\TerminateLicence.tsx": {"path":"C:\\Users\\CC-Student\\projekt-west-calvin\\src\\components\\modal_windows\\TerminateLicence.tsx","all":false,"statementMap":{"0":{"start":{"line":1,"column":0},"end":{"line":1,"column":32}},"1":{"start":{"line":2,"column":0},"end":{"line":2,"column":42}},"8":{"start":{"line":9,"column":0},"end":{"line":9,"column":42}},"9":{"start":{"line":10,"column":0},"end":{"line":10,"column":9}},"10":{"start":{"line":11,"column":0},"end":{"line":11,"column":10}},"11":{"start":{"line":12,"column":0},"end":{"line":12,"column":27}},"12":{"start":{"line":13,"column":0},"end":{"line":13,"column":27}},"14":{"start":{"line":15,"column":0},"end":{"line":15,"column":10}},"15":{"start":{"line":16,"column":0},"end":{"line":16,"column":63}},"16":{"start":{"line":17,"column":0},"end":{"line":17,"column":10}},"17":{"start":{"line":18,"column":0},"end":{"line":18,"column":45}},"18":{"start":{"line":19,"column":0},"end":{"line":19,"column":44}},"20":{"start":{"line":21,"column":0},"end":{"line":21,"column":48}},"21":{"start":{"line":22,"column":0},"end":{"line":22,"column":49}},"22":{"start":{"line":23,"column":0},"end":{"line":23,"column":71}},"24":{"start":{"line":25,"column":0},"end":{"line":25,"column":19}},"25":{"start":{"line":26,"column":0},"end":{"line":26,"column":14}},"26":{"start":{"line":27,"column":0},"end":{"line":27,"column":66}},"28":{"start":{"line":29,"column":0},"end":{"line":29,"column":17}},"29":{"start":{"line":30,"column":0},"end":{"line":30,"column":12}},"30":{"start":{"line":31,"column":0},"end":{"line":31,"column":10}},"32":{"start":{"line":33,"column":0},"end":{"line":33,"column":1}}},"s":{"0":1,"1":1,"8":10,"9":10,"10":10,"11":10,"12":10,"14":4,"15":4,"16":4,"17":4,"18":4,"20":4,"21":4,"22":4,"24":4,"25":4,"26":4,"28":4,"29":4,"30":4,"32":4},"branchMap":{"0":{"type":"branch","line":9,"loc":{"start":{"line":9,"column":0},"end":{"line":33,"column":1}},"locations":[{"start":{"line":9,"column":0},"end":{"line":33,"column":1}}]},"1":{"type":"branch","line":13,"loc":{"start":{"line":13,"column":15},"end":{"line":13,"column":27}},"locations":[{"start":{"line":13,"column":15},"end":{"line":13,"column":27}}]},"2":{"type":"branch","line":13,"loc":{"start":{"line":13,"column":22},"end":{"line":33,"column":1}},"locations":[{"start":{"line":13,"column":22},"end":{"line":33,"column":1}}]},"3":{"type":"branch","line":19,"loc":{"start":{"line":19,"column":17},"end":{"line":19,"column":44}},"locations":[{"start":{"line":19,"column":17},"end":{"line":19,"column":44}}]}},"b":{"0":[10],"1":[6],"2":[4],"3":[3]},"fnMap":{"0":{"name":"TerminateLicence","decl":{"start":{"line":9,"column":0},"end":{"line":33,"column":1}},"loc":{"start":{"line":9,"column":0},"end":{"line":33,"column":1}},"line":9},"1":{"name":"onClick","decl":{"start":{"line":19,"column":17},"end":{"line":19,"column":44}},"loc":{"start":{"line":19,"column":17},"end":{"line":19,"column":44}},"line":19}},"f":{"0":10,"1":3}}
}
