TN:
SF:src\components\LicenceBox.tsx
FN:13,LicenceBox
FNF:1
FNH:1
FNDA:11,LicenceBox
DA:2,1
DA:13,1
DA:14,11
DA:15,11
DA:16,11
DA:17,11
DA:18,11
DA:19,11
DA:20,11
DA:21,11
DA:22,11
DA:23,11
DA:24,11
DA:26,11
DA:27,11
DA:28,11
DA:29,11
DA:30,11
DA:31,11
DA:32,11
DA:33,11
DA:34,11
DA:35,11
DA:36,11
DA:37,11
DA:38,10
DA:39,10
DA:40,10
DA:42,11
DA:43,11
DA:45,11
DA:47,1
LF:32
LH:32
BRDA:13,0,0,11
BRDA:23,1,0,2
BRDA:23,2,0,9
BRDA:26,3,0,2
BRDA:26,4,0,9
BRDA:37,5,0,10
BRF:6
BRH:6
end_of_record
TN:
SF:src\components\LicenceView.tsx
FN:10,LicenceView
FN:34,loadLicenses
FN:45,toggleSelection
FN:53,handleTerminateLicenses
FN:67,calculateTotalCost
FN:93,onSelect
FN:103,onClick
FN:111,onClick
FN:128,onClose
FN:133,onClose
FNF:10
FNH:5
FNDA:5,LicenceView
FNDA:2,loadLicenses
FNDA:1,toggleSelection
FNDA:0,handleTerminateLicenses
FNDA:5,calculateTotalCost
FNDA:1,onSelect
FNDA:0,onClick
FNDA:0,onClick
FNDA:0,onClose
FNDA:0,onClose
DA:1,1
DA:2,1
DA:3,1
DA:4,1
DA:5,1
DA:6,1
DA:7,1
DA:8,1
DA:10,1
DA:11,5
DA:12,5
DA:13,5
DA:14,5
DA:16,5
DA:24,5
DA:27,5
DA:28,5
DA:29,5
DA:30,5
DA:31,5
DA:33,5
DA:34,2
DA:35,2
DA:36,2
DA:37,2
DA:38,2
DA:39,0
DA:40,0
DA:41,2
DA:42,2
DA:43,5
DA:45,5
DA:46,1
DA:47,1
DA:48,0
DA:49,1
DA:50,1
DA:51,1
DA:53,5
DA:54,0
DA:55,0
DA:56,0
DA:57,0
DA:58,0
DA:59,0
DA:60,0
DA:61,0
DA:62,0
DA:63,0
DA:64,0
DA:67,5
DA:68,5
DA:69,5
DA:70,5
DA:71,1
DA:72,1
DA:73,5
DA:74,5
DA:76,5
DA:77,5
DA:78,5
DA:79,5
DA:80,5
DA:82,5
DA:84,5
DA:85,5
DA:86,6
DA:87,6
DA:88,6
DA:89,6
DA:90,6
DA:91,6
DA:92,6
DA:93,6
DA:94,6
DA:95,5
DA:96,5
DA:99,5
DA:100,5
DA:101,5
DA:102,5
DA:103,5
DA:104,5
DA:106,5
DA:108,5
DA:109,5
DA:110,5
DA:111,5
DA:112,5
DA:114,5
DA:116,5
DA:117,5
DA:118,5
DA:120,5
DA:121,5
DA:122,5
DA:123,5
DA:124,5
DA:126,5
DA:127,5
DA:128,5
DA:129,5
DA:131,5
DA:132,5
DA:133,5
DA:134,5
DA:135,5
DA:137,5
DA:139,1
LF:109
LH:95
BRDA:10,0,0,5
BRDA:33,1,0,2
BRDA:34,2,0,2
BRDA:38,3,0,0
BRDA:45,4,0,1
BRDA:46,5,0,1
BRDA:47,6,0,0
BRDA:67,7,0,5
BRDA:69,8,0,6
BRDA:70,9,0,1
BRDA:71,10,0,0
BRDA:85,11,0,6
BRDA:93,12,0,1
BRF:13
BRH:10
end_of_record
TN:
SF:src\components\Overview.tsx
FN:6,Overview
FN:17,loadLicenseCounts
FN:36,onClick
FN:66,onClick
FN:96,onClick
FNF:5
FNH:5
FNDA:6,Overview
FNDA:3,loadLicenseCounts
FNDA:1,onClick
FNDA:1,onClick
FNDA:1,onClick
DA:1,1
DA:2,1
DA:3,1
DA:4,1
DA:6,1
DA:7,6
DA:8,6
DA:9,6
DA:10,6
DA:11,6
DA:12,6
DA:13,6
DA:14,6
DA:16,6
DA:17,3
DA:18,3
DA:19,3
DA:20,3
DA:21,3
DA:22,0
DA:23,0
DA:24,3
DA:25,3
DA:26,6
DA:28,6
DA:29,6
DA:30,6
DA:31,6
DA:32,6
DA:33,6
DA:34,6
DA:35,6
DA:36,6
DA:38,6
DA:39,6
DA:40,6
DA:41,6
DA:42,6
DA:43,6
DA:44,6
DA:45,6
DA:46,6
DA:47,6
DA:48,6
DA:49,6
DA:50,6
DA:51,6
DA:52,6
DA:53,6
DA:54,6
DA:55,6
DA:56,6
DA:57,6
DA:58,6
DA:59,6
DA:60,6
DA:61,6
DA:62,6
DA:64,6
DA:65,6
DA:66,6
DA:68,6
DA:69,6
DA:70,6
DA:71,6
DA:72,6
DA:73,6
DA:74,6
DA:75,6
DA:76,6
DA:77,6
DA:78,6
DA:79,6
DA:80,6
DA:81,6
DA:82,6
DA:83,6
DA:84,6
DA:85,6
DA:86,6
DA:87,6
DA:88,6
DA:89,6
DA:90,6
DA:91,6
DA:92,6
DA:94,6
DA:95,6
DA:96,6
DA:98,6
DA:99,6
DA:100,6
DA:101,6
DA:102,6
DA:103,6
DA:104,6
DA:105,6
DA:106,6
DA:107,6
DA:108,6
DA:109,6
DA:110,6
DA:111,6
DA:112,6
DA:113,6
DA:114,6
DA:115,6
DA:116,6
DA:117,6
DA:119,6
DA:120,6
DA:121,6
DA:122,6
DA:123,6
DA:124,6
DA:125,6
DA:126,6
DA:128,6
DA:130,1
LF:119
LH:117
BRDA:6,0,0,6
BRDA:16,1,0,3
BRDA:17,2,0,3
BRDA:21,3,0,0
BRDA:36,4,0,1
BRDA:66,5,0,1
BRDA:96,6,0,1
BRF:7
BRH:6
end_of_record
TN:
SF:src\components\apiServices.ts
FN:4,fetchLicenseCounts
FN:20,fetchLicensesByType
FN:36,bookLicenses
FN:60,terminateLicenses
FNF:4
FNH:4
FNDA:2,fetchLicenseCounts
FNDA:2,fetchLicensesByType
FNDA:3,bookLicenses
FNDA:2,terminateLicenses
DA:1,1
DA:4,2
DA:5,2
DA:6,2
DA:7,2
DA:8,1
DA:9,1
DA:10,1
DA:11,1
DA:12,1
DA:13,1
DA:14,1
DA:15,1
DA:16,1
DA:17,2
DA:20,2
DA:21,2
DA:22,2
DA:23,2
DA:24,1
DA:25,1
DA:26,1
DA:27,1
DA:28,1
DA:29,1
DA:30,1
DA:31,1
DA:32,1
DA:33,2
DA:36,3
DA:37,3
DA:38,3
DA:39,3
DA:40,3
DA:41,3
DA:42,3
DA:43,3
DA:44,3
DA:46,2
DA:47,1
DA:48,1
DA:49,1
DA:50,1
DA:52,1
DA:53,1
DA:54,1
DA:55,1
DA:56,1
DA:57,3
DA:60,2
DA:61,2
DA:62,2
DA:63,2
DA:64,2
DA:65,2
DA:66,2
DA:67,2
DA:68,2
DA:70,2
DA:71,1
DA:72,1
DA:73,1
DA:74,1
DA:76,1
DA:77,1
DA:78,1
DA:79,1
DA:80,1
DA:81,2
LF:69
LH:69
BRDA:4,0,0,2
BRDA:7,1,0,1
BRDA:20,2,0,2
BRDA:23,3,0,1
BRDA:36,4,0,3
BRDA:44,5,0,2
BRDA:46,6,0,1
BRDA:60,7,0,2
BRDA:70,8,0,1
BRF:9
BRH:9
end_of_record
TN:
SF:src\components\modal_windows\BookingLicence.tsx
FN:12,BookingLicence
FN:22,increase
FN:23,decrease
FN:24,toggleCheckbox
FN:26,handleBooking
FN:43,onClick
FNF:6
FNH:6
FNDA:20,BookingLicence
FNDA:1,increase
FNDA:1,decrease
FNDA:4,toggleCheckbox
FNDA:1,handleBooking
FNDA:8,onClick
DA:1,1
DA:2,1
DA:3,1
DA:4,1
DA:5,1
DA:12,20
DA:13,20
DA:14,20
DA:15,20
DA:16,20
DA:17,20
DA:18,20
DA:20,20
DA:22,14
DA:23,14
DA:24,14
DA:26,14
DA:27,1
DA:29,1
DA:30,1
DA:31,0
DA:32,0
DA:33,0
DA:34,0
DA:35,0
DA:36,0
DA:37,1
DA:39,14
DA:40,14
DA:41,14
DA:42,14
DA:43,14
DA:45,14
DA:46,14
DA:47,14
DA:49,14
DA:50,14
DA:51,14
DA:52,14
DA:54,14
DA:55,14
DA:56,14
DA:58,14
DA:59,14
DA:61,14
DA:62,20
DA:63,20
DA:64,20
DA:65,20
DA:66,20
DA:68,20
DA:69,3
DA:70,3
DA:71,3
DA:72,3
DA:73,3
DA:74,3
DA:76,3
DA:78,11
DA:80,20
DA:81,20
DA:83,20
LF:62
LH:56
BRDA:12,0,0,20
BRDA:20,1,0,6
BRDA:20,2,0,15
BRDA:20,3,0,14
BRDA:62,4,0,3
BRDA:62,5,0,11
BRDA:63,6,0,3
BRDA:63,7,0,11
BRDA:68,8,0,3
BRDA:76,9,0,11
BRDA:22,10,0,1
BRDA:23,11,0,1
BRDA:23,12,0,0
BRDA:24,13,0,4
BRDA:26,14,0,1
BRDA:27,15,0,0
BRDA:30,16,0,0
BRDA:43,17,0,8
BRF:18
BRH:15
end_of_record
TN:
SF:src\components\modal_windows\TerminateLicence.tsx
FN:9,TerminateLicence
FN:19,onClick
FNF:2
FNH:2
FNDA:10,TerminateLicence
FNDA:3,onClick
DA:1,1
DA:2,1
DA:9,10
DA:10,10
DA:11,10
DA:12,10
DA:13,10
DA:15,4
DA:16,4
DA:17,4
DA:18,4
DA:19,4
DA:21,4
DA:22,4
DA:23,4
DA:25,4
DA:26,4
DA:27,4
DA:29,4
DA:30,4
DA:31,4
DA:33,4
LF:22
LH:22
BRDA:9,0,0,10
BRDA:13,1,0,6
BRDA:13,2,0,4
BRDA:19,3,0,3
BRF:4
BRH:4
end_of_record
