TN:
SF:eslint.config.js
FN:1,(empty-report)
FNF:1
FNH:0
FNDA:0,(empty-report)
DA:1,0
DA:2,0
DA:3,0
DA:4,0
DA:5,0
DA:7,0
DA:8,0
DA:9,0
DA:10,0
DA:11,0
DA:12,0
DA:13,0
DA:14,0
DA:15,0
DA:16,0
DA:17,0
DA:18,0
DA:19,0
DA:20,0
DA:21,0
DA:22,0
DA:23,0
DA:24,0
DA:25,0
DA:26,0
DA:27,0
DA:28,0
LF:27
LH:0
BRDA:1,0,0,0
BRF:1
BRH:0
end_of_record
TN:
SF:vite.config.ts
FN:1,(empty-report)
FNF:1
FNH:0
FNDA:0,(empty-report)
DA:1,0
DA:2,0
DA:3,0
DA:5,0
DA:6,0
DA:7,0
DA:8,0
DA:9,0
DA:10,0
DA:11,0
DA:12,0
DA:13,0
DA:14,0
DA:15,0
DA:16,0
DA:17,0
DA:18,0
DA:19,0
DA:20,0
DA:21,0
DA:22,0
DA:23,0
DA:24,0
LF:23
LH:0
BRDA:1,0,0,0
BRF:1
BRH:0
end_of_record
TN:
SF:src\App.tsx
FN:1,(empty-report)
FNF:1
FNH:0
FNDA:0,(empty-report)
DA:1,0
DA:2,0
DA:3,0
DA:4,0
DA:6,0
DA:7,0
DA:8,0
DA:9,0
DA:10,0
DA:11,0
DA:12,0
DA:13,0
DA:15,0
DA:16,0
DA:17,0
DA:18,0
DA:19,0
DA:20,0
DA:22,0
DA:23,0
LF:20
LH:0
BRDA:1,0,0,0
BRF:1
BRH:0
end_of_record
TN:
SF:src\main.tsx
FN:1,(empty-report)
FNF:1
FNH:0
FNDA:0,(empty-report)
DA:1,0
DA:2,0
DA:3,0
DA:4,0
DA:6,0
DA:7,0
DA:8,0
DA:9,0
DA:10,0
DA:11,0
DA:12,0
LF:11
LH:0
BRDA:1,0,0,0
BRF:1
BRH:0
end_of_record
TN:
SF:src\vite-env.d.ts
FN:1,(empty-report)
FNF:1
FNH:1
FNDA:1,(empty-report)
LF:0
LH:0
BRDA:1,0,0,1
BRF:1
BRH:1
end_of_record
TN:
SF:src\components\LicenceBox.tsx
FN:13,LicenceBox
FNF:1
FNH:1
FNDA:25,LicenceBox
DA:2,1
DA:13,1
DA:14,25
DA:15,25
DA:16,25
DA:17,25
DA:18,25
DA:19,25
DA:20,25
DA:21,25
DA:22,25
DA:23,25
DA:24,25
DA:26,25
DA:27,25
DA:28,25
DA:29,25
DA:30,25
DA:31,25
DA:32,25
DA:33,25
DA:34,25
DA:35,25
DA:36,25
DA:37,25
DA:38,14
DA:39,14
DA:40,14
DA:42,25
DA:43,25
DA:45,25
DA:47,1
LF:32
LH:32
BRDA:13,0,0,25
BRDA:23,1,0,2
BRDA:23,2,0,23
BRDA:26,3,0,2
BRDA:26,4,0,23
BRDA:37,5,0,14
BRF:6
BRH:6
end_of_record
TN:
SF:src\components\LicenceView.tsx
FN:9,LicenceView
FN:40,toggleSelection
FN:65,onSelect
FN:75,onClick
FN:83,onClick
FN:100,onClose
FN:105,onClose
FNF:7
FNH:4
FNDA:5,LicenceView
FNDA:1,toggleSelection
FNDA:1,onSelect
FNDA:1,onClick
FNDA:0,onClick
FNDA:0,onClose
FNDA:0,onClose
DA:1,1
DA:2,1
DA:3,1
DA:4,1
DA:5,1
DA:6,1
DA:7,1
DA:9,1
DA:10,5
DA:11,5
DA:12,5
DA:13,5
DA:15,5
DA:16,5
DA:17,5
DA:18,5
DA:19,5
DA:20,5
DA:21,5
DA:22,5
DA:23,5
DA:24,5
DA:25,5
DA:26,5
DA:27,5
DA:28,5
DA:29,5
DA:30,5
DA:31,5
DA:32,5
DA:33,5
DA:34,5
DA:35,5
DA:36,5
DA:37,5
DA:38,5
DA:40,5
DA:41,1
DA:42,1
DA:43,0
DA:44,1
DA:45,1
DA:46,1
DA:48,5
DA:49,5
DA:50,5
DA:51,5
DA:52,5
DA:54,5
DA:56,5
DA:57,5
DA:58,20
DA:59,20
DA:60,20
DA:61,20
DA:62,20
DA:63,20
DA:64,20
DA:65,20
DA:66,20
DA:67,5
DA:68,5
DA:71,5
DA:72,5
DA:73,5
DA:74,5
DA:75,5
DA:76,5
DA:78,5
DA:80,5
DA:81,5
DA:82,5
DA:83,5
DA:84,5
DA:86,5
DA:88,5
DA:89,5
DA:90,5
DA:92,5
DA:93,5
DA:94,5
DA:95,5
DA:96,5
DA:98,5
DA:99,5
DA:100,5
DA:101,5
DA:103,5
DA:104,5
DA:105,5
DA:106,5
DA:107,5
DA:109,5
DA:111,1
LF:94
LH:93
BRDA:9,0,0,5
BRDA:51,1,0,0
BRDA:51,2,0,0
BRDA:90,3,0,0
BRDA:90,4,0,0
BRDA:40,5,0,1
BRDA:41,6,0,1
BRDA:42,7,0,0
BRDA:57,8,0,20
BRDA:65,9,0,1
BRDA:75,10,0,1
BRF:11
BRH:6
end_of_record
TN:
SF:src\components\Overview.tsx
FN:5,Overview
FN:16,onClick
FN:37,onClick
FN:58,onClick
FNF:4
FNH:1
FNDA:1,Overview
FNDA:0,onClick
FNDA:0,onClick
FNDA:0,onClick
DA:2,1
DA:3,1
DA:5,1
DA:6,1
DA:8,1
DA:9,1
DA:10,1
DA:11,1
DA:12,1
DA:13,1
DA:14,1
DA:15,1
DA:16,1
DA:18,1
DA:19,1
DA:20,1
DA:21,1
DA:22,1
DA:23,1
DA:24,1
DA:25,1
DA:26,1
DA:27,1
DA:28,1
DA:29,1
DA:30,1
DA:31,1
DA:32,1
DA:33,1
DA:35,1
DA:36,1
DA:37,1
DA:39,1
DA:40,1
DA:41,1
DA:42,1
DA:43,1
DA:44,1
DA:45,1
DA:46,1
DA:47,1
DA:48,1
DA:49,1
DA:50,1
DA:51,1
DA:52,1
DA:53,1
DA:54,1
DA:56,1
DA:57,1
DA:58,1
DA:60,1
DA:61,1
DA:62,1
DA:63,1
DA:64,1
DA:65,1
DA:66,1
DA:67,1
DA:68,1
DA:69,1
DA:70,1
DA:71,1
DA:72,1
DA:73,1
DA:74,1
DA:76,1
DA:78,1
LF:68
LH:68
BRDA:5,0,0,1
BRF:1
BRH:1
end_of_record
TN:
SF:src\components\modal_windows\BookingLicence.tsx
FN:10,BookingLicence
FN:19,increase
FN:20,decrease
FN:21,toggleCheckbox
FN:27,onClick
FNF:5
FNH:5
FNDA:20,BookingLicence
FNDA:1,increase
FNDA:1,decrease
FNDA:4,toggleCheckbox
FNDA:8,onClick
DA:1,1
DA:2,1
DA:3,1
DA:10,20
DA:11,20
DA:12,20
DA:13,20
DA:14,20
DA:15,20
DA:17,20
DA:19,15
DA:20,15
DA:21,15
DA:23,15
DA:24,15
DA:25,15
DA:26,15
DA:27,15
DA:29,15
DA:30,15
DA:31,15
DA:33,15
DA:34,15
DA:35,15
DA:36,15
DA:38,15
DA:39,15
DA:40,15
DA:42,15
DA:43,15
DA:45,15
DA:46,20
DA:47,20
DA:48,20
DA:49,20
DA:50,20
DA:52,20
DA:53,3
DA:54,3
DA:55,3
DA:56,3
DA:57,3
DA:58,3
DA:60,3
DA:62,12
DA:64,20
DA:65,20
DA:67,20
LF:48
LH:48
BRDA:10,0,0,20
BRDA:17,1,0,5
BRDA:17,2,0,15
BRDA:46,3,0,3
BRDA:46,4,0,12
BRDA:47,5,0,3
BRDA:47,6,0,12
BRDA:52,7,0,3
BRDA:60,8,0,12
BRDA:19,9,0,1
BRDA:20,10,0,1
BRDA:20,11,0,0
BRDA:21,12,0,4
BRDA:27,13,0,8
BRF:14
BRH:13
end_of_record
TN:
SF:src\components\modal_windows\TerminateLicence.tsx
FN:9,TerminateLicence
FN:19,onClick
FNF:2
FNH:2
FNDA:10,TerminateLicence
FNDA:3,onClick
DA:1,1
DA:2,1
DA:9,10
DA:10,10
DA:11,10
DA:12,10
DA:13,10
DA:15,4
DA:16,4
DA:17,4
DA:18,4
DA:19,4
DA:21,4
DA:22,4
DA:23,4
DA:25,4
DA:26,4
DA:27,4
DA:29,4
DA:30,4
DA:31,4
DA:33,4
LF:22
LH:22
BRDA:9,0,0,10
BRDA:13,1,0,6
BRDA:13,2,0,4
BRDA:19,3,0,3
BRF:4
BRH:4
end_of_record
